  Using 'git status' to determine working set for adaptive non-unity build (C:\Unreal\MyProject\MakeVehicle_UE4.27).
  Parsing headers for VehicleEditor
    Running UnrealHeaderTool "C:\Unreal\MyProject\MakeVehicle_UE4.27\Vehicle\Vehicle.uproject" "C:\Unreal\MyProject\MakeVehicle_UE4.27\Vehicle\Intermediate\Build\Win64\VehicleEditor\Development\VehicleEditor.uhtmanifest" -LogCmds="loginit warning, logexit warning, logdatabase error" -Unattended -WarningsAsErrors -abslog="C:\Users\gyu37\AppData\Local\UnrealBuildTool\Log_UHT.txt" -installed
  LogInit: Display: Loading text-based GConfig....
  Reflection code generated for VehicleEditor in 4.3863311 seconds
  Building VehicleEditor...
  Using Visual Studio 2022 14.34.31937 toolchain (C:\Program Files\Microsoft Visual Studio\2022\Community\VC\Tools\MSVC\14.34.31933) and Windows 10.0.22000.0 SDK (C:\Program Files (x86)\Windows Kits\10).
  Building 6 actions with 12 processes...
    [1/6] Vehicle.init.gen.cpp
    [2/6] NewVehiclePawn.gen.cpp
C:\Unreal\MyProject\MakeVehicle_UE4.27\Vehicle\Source\Vehicle/NewVehiclePawn.h(13): warning C4996: 'AWheeledVehicle': PhysX is deprecated. Use the AWheeledVehiclePawn from the ChaosVehiclePhysics Plugin. Please update your code to the new API before upgrading to the next release, otherwise your project will no longer compile.
    [3/6] NewVehiclePawn.cpp
C:\Unreal\MyProject\MakeVehicle_UE4.27\Vehicle\Source\Vehicle\NewVehiclePawn.h(13): warning C4996: 'AWheeledVehicle': PhysX is deprecated. Use the AWheeledVehiclePawn from the ChaosVehiclePhysics Plugin. Please update your code to the new API before upgrading to the next release, otherwise your project will no longer compile.
C:\Unreal\MyProject\MakeVehicle_UE4.27\Vehicle\Source\Vehicle\NewVehiclePawn.cpp(16): warning C4996: 'UWheeledVehicleMovementComponent4W': PhysX is deprecated. Use the UChaosWheeledVehicleMovementComponent from the ChaosVehiclePhysics Plugin. Please update your code to the new API before upgrading to the next release, otherwise your project will no longer compile.
C:\Unreal\MyProject\MakeVehicle_UE4.27\Vehicle\Source\Vehicle\NewVehiclePawn.cpp(16): warning C4996: 'UWheeledVehicleMovementComponent4W': PhysX is deprecated. Use the UChaosWheeledVehicleMovementComponent from the ChaosVehiclePhysics Plugin. Please update your code to the new API before upgrading to the next release, otherwise your project will no longer compile.
C:\Unreal\MyProject\MakeVehicle_UE4.27\Vehicle\Source\Vehicle\NewVehiclePawn.cpp(19): warning C4996: 'UWheeledVehicleMovementComponent::MinNormalizedTireLoad': PhysX is deprecated. Use the UChaosWheeledVehicleMovementComponent fron the ChaosVehiclePhysics Plugin. Please update your code to the new API before upgrading to the next release, otherwise your project will no longer compile.
C:\Unreal\MyProject\MakeVehicle_UE4.27\Vehicle\Source\Vehicle\NewVehiclePawn.cpp(20): warning C4996: 'UWheeledVehicleMovementComponent::MinNormalizedTireLoadFiltered': PhysX is deprecated. Use the UChaosWheeledVehicleMovementComponent fron the ChaosVehiclePhysics Plugin. Please update your code to the new API before upgrading to the next release, otherwise your project will no longer compile.
C:\Unreal\MyProject\MakeVehicle_UE4.27\Vehicle\Source\Vehicle\NewVehiclePawn.cpp(21): warning C4996: 'UWheeledVehicleMovementComponent::MaxNormalizedTireLoad': PhysX is deprecated. Use the UChaosWheeledVehicleMovementComponent fron the ChaosVehiclePhysics Plugin. Please update your code to the new API before upgrading to the next release, otherwise your project will no longer compile.
C:\Unreal\MyProject\MakeVehicle_UE4.27\Vehicle\Source\Vehicle\NewVehiclePawn.cpp(22): warning C4996: 'UWheeledVehicleMovementComponent::MaxNormalizedTireLoadFiltered': PhysX is deprecated. Use the UChaosWheeledVehicleMovementComponent fron the ChaosVehiclePhysics Plugin. Please update your code to the new API before upgrading to the next release, otherwise your project will no longer compile.
C:\Unreal\MyProject\MakeVehicle_UE4.27\Vehicle\Source\Vehicle\NewVehiclePawn.cpp(25): warning C4996: 'UWheeledVehicleMovementComponent::MaxEngineRPM': PhysX is deprecated. Use the UChaosWheeledVehicleMovementComponent fron the ChaosVehiclePhysics Plugin. Please update your code to the new API before upgrading to the next release, otherwise your project will no longer compile.
C:\Unreal\MyProject\MakeVehicle_UE4.27\Vehicle\Source\Vehicle\NewVehiclePawn.cpp(26): warning C4996: 'UWheeledVehicleMovementComponent4W::EngineSetup': PhysX is deprecated. Use the UChaosWheeledVehicleMovementComponent from the ChaosVehiclePhysics Plugin. Please update your code to the new API before upgrading to the next release, otherwise your project will no longer compile.
C:\Unreal\MyProject\MakeVehicle_UE4.27\Vehicle\Source\Vehicle\NewVehiclePawn.cpp(27): warning C4996: 'UWheeledVehicleMovementComponent4W::EngineSetup': PhysX is deprecated. Use the UChaosWheeledVehicleMovementComponent from the ChaosVehiclePhysics Plugin. Please update your code to the new API before upgrading to the next release, otherwise your project will no longer compile.
C:\Unreal\MyProject\MakeVehicle_UE4.27\Vehicle\Source\Vehicle\NewVehiclePawn.cpp(28): warning C4996: 'UWheeledVehicleMovementComponent4W::EngineSetup': PhysX is deprecated. Use the UChaosWheeledVehicleMovementComponent from the ChaosVehiclePhysics Plugin. Please update your code to the new API before upgrading to the next release, otherwise your project will no longer compile.
C:\Unreal\MyProject\MakeVehicle_UE4.27\Vehicle\Source\Vehicle\NewVehiclePawn.cpp(29): warning C4996: 'UWheeledVehicleMovementComponent4W::EngineSetup': PhysX is deprecated. Use the UChaosWheeledVehicleMovementComponent from the ChaosVehiclePhysics Plugin. Please update your code to the new API before upgrading to the next release, otherwise your project will no longer compile.
C:\Unreal\MyProject\MakeVehicle_UE4.27\Vehicle\Source\Vehicle\NewVehiclePawn.cpp(32): warning C4996: 'UWheeledVehicleMovementComponent4W::SteeringCurve': PhysX is deprecated. Use the UChaosWheeledVehicleMovementComponent from the ChaosVehiclePhysics Plugin. Please update your code to the new API before upgrading to the next release, otherwise your project will no longer compile.
C:\Unreal\MyProject\MakeVehicle_UE4.27\Vehicle\Source\Vehicle\NewVehiclePawn.cpp(33): warning C4996: 'UWheeledVehicleMovementComponent4W::SteeringCurve': PhysX is deprecated. Use the UChaosWheeledVehicleMovementComponent from the ChaosVehiclePhysics Plugin. Please update your code to the new API before upgrading to the next release, otherwise your project will no longer compile.
C:\Unreal\MyProject\MakeVehicle_UE4.27\Vehicle\Source\Vehicle\NewVehiclePawn.cpp(34): warning C4996: 'UWheeledVehicleMovementComponent4W::SteeringCurve': PhysX is deprecated. Use the UChaosWheeledVehicleMovementComponent from the ChaosVehiclePhysics Plugin. Please update your code to the new API before upgrading to the next release, otherwise your project will no longer compile.
C:\Unreal\MyProject\MakeVehicle_UE4.27\Vehicle\Source\Vehicle\NewVehiclePawn.cpp(35): warning C4996: 'UWheeledVehicleMovementComponent4W::SteeringCurve': PhysX is deprecated. Use the UChaosWheeledVehicleMovementComponent from the ChaosVehiclePhysics Plugin. Please update your code to the new API before upgrading to the next release, otherwise your project will no longer compile.
C:\Unreal\MyProject\MakeVehicle_UE4.27\Vehicle\Source\Vehicle\NewVehiclePawn.cpp(37): warning C4996: 'UWheeledVehicleMovementComponent4W::DifferentialSetup': PhysX is deprecated. Use the UChaosWheeledVehicleMovementComponent from the ChaosVehiclePhysics Plugin. Please update your code to the new API before upgrading to the next release, otherwise your project will no longer compile.
C:\Unreal\MyProject\MakeVehicle_UE4.27\Vehicle\Source\Vehicle\NewVehiclePawn.cpp(38): warning C4996: 'UWheeledVehicleMovementComponent4W::DifferentialSetup': PhysX is deprecated. Use the UChaosWheeledVehicleMovementComponent from the ChaosVehiclePhysics Plugin. Please update your code to the new API before upgrading to the next release, otherwise your project will no longer compile.
C:\Unreal\MyProject\MakeVehicle_UE4.27\Vehicle\Source\Vehicle\NewVehiclePawn.cpp(41): warning C4996: 'UWheeledVehicleMovementComponent4W::TransmissionSetup': PhysX is deprecated. Use the UChaosWheeledVehicleMovementComponent from the ChaosVehiclePhysics Plugin. Please update your code to the new API before upgrading to the next release, otherwise your project will no longer compile.
C:\Unreal\MyProject\MakeVehicle_UE4.27\Vehicle\Source\Vehicle\NewVehiclePawn.cpp(42): warning C4996: 'UWheeledVehicleMovementComponent4W::TransmissionSetup': PhysX is deprecated. Use the UChaosWheeledVehicleMovementComponent from the ChaosVehiclePhysics Plugin. Please update your code to the new API before upgrading to the next release, otherwise your project will no longer compile.
C:\Unreal\MyProject\MakeVehicle_UE4.27\Vehicle\Source\Vehicle\NewVehiclePawn.cpp(43): warning C4996: 'UWheeledVehicleMovementComponent4W::TransmissionSetup': PhysX is deprecated. Use the UChaosWheeledVehicleMovementComponent from the ChaosVehiclePhysics Plugin. Please update your code to the new API before upgrading to the next release, otherwise your project will no longer compile.
C:\Unreal\MyProject\MakeVehicle_UE4.27\Vehicle\Source\Vehicle\NewVehiclePawn.cpp(15): warning C4996: 'AWheeledVehicle::AWheeledVehicle': PhysX is deprecated. Use the AWheeledVehiclePawn from the ChaosVehiclePhysics Plugin. Please update your code to the new API before upgrading to the next release, otherwise your project will no longer compile.
C:\Unreal\MyProject\MakeVehicle_UE4.27\Vehicle\Source\Vehicle\NewVehiclePawn.cpp(16): warning C4996: 'AWheeledVehicle::GetVehicleMovement': PhysX is deprecated. Use the AWheeledVehiclePawn from the ChaosVehiclePhysics Plugin. Please update your code to the new API before upgrading to the next release, otherwise your project will no longer compile.
C:\Unreal\MyProject\MakeVehicle_UE4.27\Vehicle\Source\Vehicle\NewVehiclePawn.cpp(81): warning C4996: 'UWheeledVehicleMovementComponent::SetThrottleInput': PhysX is deprecated. Use the UChaosWheeledVehicleMovementComponent fron the ChaosVehiclePhysics Plugin. Please update your code to the new API before upgrading to the next release, otherwise your project will no longer compile.
C:\Unreal\MyProject\MakeVehicle_UE4.27\Vehicle\Source\Vehicle\NewVehiclePawn.cpp(86): warning C4996: 'UWheeledVehicleMovementComponent::SetSteeringInput': PhysX is deprecated. Use the UChaosWheeledVehicleMovementComponent fron the ChaosVehiclePhysics Plugin. Please update your code to the new API before upgrading to the next release, otherwise your project will no longer compile.
C:\Unreal\MyProject\MakeVehicle_UE4.27\Vehicle\Source\Vehicle\NewVehiclePawn.cpp(107): warning C4996: 'UWheeledVehicleMovementComponent::SetHandbrakeInput': PhysX is deprecated. Use the UChaosWheeledVehicleMovementComponent fron the ChaosVehiclePhysics Plugin. Please update your code to the new API before upgrading to the next release, otherwise your project will no longer compile.
C:\Unreal\MyProject\MakeVehicle_UE4.27\Vehicle\Source\Vehicle\NewVehiclePawn.cpp(112): warning C4996: 'UWheeledVehicleMovementComponent::SetHandbrakeInput': PhysX is deprecated. Use the UChaosWheeledVehicleMovementComponent fron the ChaosVehiclePhysics Plugin. Please update your code to the new API before upgrading to the next release, otherwise your project will no longer compile.
C:\Unreal\Engine\UE_4.27\Engine\Source\Runtime\CoreUObject\Public\Templates/Casts.h(75): warning C4996: 'UWheeledVehicleMovementComponent4W': PhysX is deprecated. Use the UChaosWheeledVehicleMovementComponent from the ChaosVehiclePhysics Plugin. Please update your code to the new API before upgrading to the next release, otherwise your project will no longer compile.
    C:\Unreal\Engine\UE_4.27\Engine\Source\Runtime\CoreUObject\Public\Templates/Casts.h(256): note: 컴파일되는 함수 템플릿 인스턴스화 'FString GetTypeName<To>(void)'에 대한 참조를 확인하세요.
            with
            [
                To=UWheeledVehicleMovementComponent4W
            ]
    C:\Unreal\MyProject\MakeVehicle_UE4.27\Vehicle\Source\Vehicle\NewVehiclePawn.cpp(16): note: 컴파일되는 함수 템플릿 인스턴스화 'To *CastChecked<UWheeledVehicleMovementComponent4W,UWheeledVehicleMovementComponent>(From *)'에 대한 참조를 확인하세요.
            with
            [
                To=UWheeledVehicleMovementComponent4W,
                From=UWheeledVehicleMovementComponent
            ]
C:\Unreal\Engine\UE_4.27\Engine\Source\Runtime\CoreUObject\Public\Templates/Casts.h(75): warning C4996: 'UWheeledVehicleMovementComponent4W::StaticClass': PhysX is deprecated. Use the UChaosWheeledVehicleMovementComponent from the ChaosVehiclePhysics Plugin. Please update your code to the new API before upgrading to the next release, otherwise your project will no longer compile.
C:\Unreal\Engine\UE_4.27\Engine\Source\Runtime\CoreUObject\Public\UObject/UObjectBaseUtility.h(546): warning C4996: 'UWheeledVehicleMovementComponent4W': PhysX is deprecated. Use the UChaosWheeledVehicleMovementComponent from the ChaosVehiclePhysics Plugin. Please update your code to the new API before upgrading to the next release, otherwise your project will no longer compile.
    C:\Unreal\Engine\UE_4.27\Engine\Source\Runtime\CoreUObject\Public\Templates/Casts.h(143): note: 컴파일되는 함수 템플릿 인스턴스화 'bool UObjectBaseUtility::IsA<To>(void) const'에 대한 참조를 확인하세요.
            with
            [
                To=UWheeledVehicleMovementComponent4W
            ]
    C:\Unreal\Engine\UE_4.27\Engine\Source\Runtime\CoreUObject\Public\Templates/Casts.h(142): note: 클래스 템플릿 멤버 함수 'To *TCastImpl<From,To,ECastType::UObjectToUObject>::DoCast(UObject *)'을(를) 컴파일하는 중입니다.
            with
            [
                To=UWheeledVehicleMovementComponent4W,
                From=UWheeledVehicleMovementComponent
            ]
    C:\Unreal\Engine\UE_4.27\Engine\Source\Runtime\CoreUObject\Public\Templates/Casts.h(219): note: 컴파일되는 함수 템플릿 인스턴스화 'To *TCastImpl<From,To,ECastType::UObjectToUObject>::DoCast(UObject *)'에 대한 참조를 확인하세요.
            with
            [
                To=UWheeledVehicleMovementComponent4W,
                From=UWheeledVehicleMovementComponent
            ]
    C:\Unreal\Engine\UE_4.27\Engine\Source\Runtime\CoreUObject\Public\Templates/Casts.h(219): note: 컴파일되는 클래스 템플릿 인스턴스화 'TCastImpl<From,To,ECastType::UObjectToUObject>'에 대한 참조를 확인하세요.
            with
            [
                From=UWheeledVehicleMovementComponent,
                To=UWheeledVehicleMovementComponent4W
            ]
    C:\Unreal\Engine\UE_4.27\Engine\Source\Runtime\CoreUObject\Public\Templates/Casts.h(259): note: 컴파일되는 함수 템플릿 인스턴스화 'To *Cast<To,From>(From *)'에 대한 참조를 확인하세요.
            with
            [
                To=UWheeledVehicleMovementComponent4W,
                From=UWheeledVehicleMovementComponent
            ]
C:\Unreal\Engine\UE_4.27\Engine\Source\Runtime\CoreUObject\Public\UObject/UObjectBaseUtility.h(546): warning C4996: 'UWheeledVehicleMovementComponent4W::StaticClass': PhysX is deprecated. Use the UChaosWheeledVehicleMovementComponent from the ChaosVehiclePhysics Plugin. Please update your code to the new API before upgrading to the next release, otherwise your project will no longer compile.
    [4/6] UE4Editor-Vehicle-0006.lib
       C:\Unreal\MyProject\MakeVehicle_UE4.27\Vehicle\Intermediate\Build\Win64\UE4Editor\Development\Vehicle\UE4Editor-Vehicle-0006.lib 라이브러리 및 C:\Unreal\MyProject\MakeVehicle_UE4.27\Vehicle\Intermediate\Build\Win64\UE4Editor\Development\Vehicle\UE4Editor-Vehicle-0006.exp 개체를 생성하고 있습니다.
    [5/6] UE4Editor-Vehicle-0006.dll
       C:\Unreal\MyProject\MakeVehicle_UE4.27\Vehicle\Intermediate\Build\Win64\UE4Editor\Development\Vehicle\UE4Editor-Vehicle-0006.suppressed.lib 라이브러리 및 C:\Unreal\MyProject\MakeVehicle_UE4.27\Vehicle\Intermediate\Build\Win64\UE4Editor\Development\Vehicle\UE4Editor-Vehicle-0006.suppressed.exp 개체를 생성하고 있습니다.
    [6/6] VehicleEditor.target
  Total time in Parallel executor: 5.26 seconds
  Total execution time: 10.40 seconds
