Log file open, 01/09/23 01:11:48
LogWindows: Failed to load 'aqProf.dll' (GetLastError=126)
LogWindows: File 'aqProf.dll' does not exist
LogWindows: Failed to load 'VtuneApi.dll' (GetLastError=126)
LogWindows: File 'VtuneApi.dll' does not exist
LogWindows: Failed to load 'VtuneApi32e.dll' (GetLastError=126)
LogWindows: File 'VtuneApi32e.dll' does not exist
LogConsoleResponse: Display: Failed to find resolution value strings in scalability ini. Falling back to default.
LogConsoleResponse: Display: Failed to find resolution value strings in scalability ini. Falling back to default.
LogInit: Display: Running engine for game: Vehicle
LogPlatformFile: Not using cached read wrapper
LogTaskGraph: Started task graph with 5 named threads and 35 total threads with 3 sets of task threads.
LogStats: Stats thread started at 0.442134
LogICUInternationalization: ICU TimeZone Detection - Raw Offset: +9:00, Platform Override: ''
LogInit: Display: Loading text-based GConfig....
LogPluginManager: Mounting plugin MeshPainting
LogPluginManager: Mounting plugin XGEController
LogPluginManager: Mounting plugin Paper2D
LogPluginManager: Mounting plugin AISupport
LogPluginManager: Mounting plugin LiveLink
LogPluginManager: Mounting plugin GameplayCameras
LogPluginManager: Mounting plugin CameraShakePreviewer
LogPluginManager: Mounting plugin LightPropagationVolume
LogPluginManager: Mounting plugin EnvironmentQueryEditor
LogPluginManager: Mounting plugin DatasmithContent
LogPluginManager: Mounting plugin VariantManagerContent
LogPluginManager: Mounting plugin AnimationSharing
LogPluginManager: Mounting plugin CLionSourceCodeAccess
LogPluginManager: Mounting plugin CodeLiteSourceCodeAccess
LogPluginManager: Mounting plugin GitSourceControl
LogPluginManager: Mounting plugin NullSourceCodeAccess
LogPluginManager: Mounting plugin PixWinPlugin
LogPluginManager: Mounting plugin KDevelopSourceCodeAccess
LogPluginManager: Mounting plugin PlasticSourceControl
LogPluginManager: Mounting plugin PluginUtils
LogPluginManager: Mounting plugin PropertyAccessNode
LogPluginManager: Mounting plugin TextureFormatOodle
LogPluginManager: Mounting plugin SubversionSourceControl
LogPluginManager: Mounting plugin UObjectPlugin
LogPluginManager: Mounting plugin VisualStudioCodeSourceCodeAccess
LogPluginManager: Mounting plugin XCodeSourceCodeAccess
LogPluginManager: Mounting plugin AssetManagerEditor
LogPluginManager: Mounting plugin Niagara
LogPluginManager: Mounting plugin CurveEditorTools
LogPluginManager: Mounting plugin CryptoKeys
LogPluginManager: Mounting plugin DataValidation
LogPluginManager: Mounting plugin VisualStudioSourceCodeAccess
LogPluginManager: Mounting plugin FacialAnimation
LogPluginManager: Mounting plugin GeometryMode
LogPluginManager: Mounting plugin MaterialAnalyzer
LogPluginManager: Mounting plugin MacGraphicsSwitching
LogPluginManager: Mounting plugin GameplayTagsEditor
LogPluginManager: Mounting plugin MobileLauncherProfileWizard
LogPluginManager: Mounting plugin PluginBrowser
LogPluginManager: Mounting plugin LuminPlatformFeatures
LogPluginManager: Mounting plugin SpeedTreeImporter
LogPluginManager: Mounting plugin MagicLeap
LogPluginManager: Mounting plugin MagicLeapLightEstimation
LogPluginManager: Mounting plugin MagicLeapMedia
LogPluginManager: Mounting plugin MagicLeapPassableWorld
LogPluginManager: Mounting plugin MLSDK
LogPluginManager: Mounting plugin AvfMedia
LogPluginManager: Mounting plugin AndroidMedia
LogPluginManager: Mounting plugin ImgMedia
LogPluginManager: Mounting plugin MediaCompositing
LogPluginManager: Mounting plugin MediaPlayerEditor
LogPluginManager: Mounting plugin VisualStudioTools
LogPluginManager: Mounting plugin WebMMedia
LogPluginManager: Mounting plugin WmfMedia
LogPluginManager: Mounting plugin TcpMessaging
LogPluginManager: Mounting plugin UdpMessaging
LogPluginManager: Mounting plugin OnlineSubsystem
LogPluginManager: Mounting plugin OnlineSubsystemNull
LogPluginManager: Mounting plugin PerforceSourceControl
LogPluginManager: Mounting plugin OnlineSubsystemUtils
LogPluginManager: Mounting plugin LauncherChunkInstaller
LogPluginManager: Mounting plugin ActorLayerUtilities
LogPluginManager: Mounting plugin AndroidMoviePlayer
LogPluginManager: Mounting plugin AndroidPermission
LogPluginManager: Mounting plugin AndroidDeviceProfileSelector
LogPluginManager: Mounting plugin AppleImageUtils
LogPluginManager: Mounting plugin AppleMoviePlayer
LogPluginManager: Mounting plugin AssetTags
LogPluginManager: Mounting plugin ArchVisCharacter
LogPluginManager: Mounting plugin AudioCapture
LogPluginManager: Mounting plugin CableComponent
LogPluginManager: Mounting plugin ChunkDownloader
LogPluginManager: Mounting plugin CustomMeshComponent
LogPluginManager: Mounting plugin EditableMesh
LogPluginManager: Mounting plugin ExampleDeviceProfileSelector
LogPluginManager: Mounting plugin ScreenshotTools
LogPluginManager: Mounting plugin ActorSequence
LogPluginManager: Mounting plugin LevelSequenceEditor
LogPluginManager: Mounting plugin MatineeToLevelSequence
LogPluginManager: Mounting plugin TemplateSequence
LogPluginManager: Mounting plugin GooglePAD
LogPluginManager: Mounting plugin GoogleCloudMessaging
LogPluginManager: Mounting plugin IOSDeviceProfileSelector
LogPluginManager: Mounting plugin LinuxDeviceProfileSelector
LogPluginManager: Mounting plugin LocationServicesBPLibrary
LogPluginManager: Mounting plugin MobilePatchingUtils
LogPluginManager: Mounting plugin AudioSynesthesia
LogPluginManager: Mounting plugin OpenXR
LogPluginManager: Mounting plugin OpenXREyeTracker
LogPluginManager: Mounting plugin OpenXRHandTracking
LogPluginManager: Mounting plugin PhysXVehicles
LogPluginManager: Mounting plugin PostSplashScreen
LogPluginManager: Mounting plugin ProceduralMeshComponent
LogPluginManager: Mounting plugin RuntimePhysXCooking
LogPluginManager: Mounting plugin SignificanceManager
LogPluginManager: Mounting plugin SoundFields
LogPluginManager: Mounting plugin PropertyAccessEditor
LogPluginManager: Mounting plugin Synthesis
LogPluginManager: Mounting plugin WebMMoviePlayer
LogPluginManager: Mounting plugin WindowsMoviePlayer
LogPluginManager: Mounting plugin OodleData
LogPluginManager: Mounting plugin OodleNetwork
LogPluginManager: Mounting plugin AlembicImporter
LogPluginManager: Mounting plugin Takes
LogPluginManager: Mounting plugin AutomationUtils
LogPluginManager: Mounting plugin BackChannel
LogPluginManager: Mounting plugin ChaosClothEditor
LogPluginManager: Mounting plugin ChaosEditor
LogPluginManager: Mounting plugin ChaosCloth
LogPluginManager: Mounting plugin ChaosSolverPlugin
LogPluginManager: Mounting plugin CharacterAI
LogPluginManager: Mounting plugin GeometryCache
LogPluginManager: Mounting plugin GeometryCollectionPlugin
LogPluginManager: Mounting plugin GeometryProcessing
LogPluginManager: Mounting plugin MotoSynth
LogPluginManager: Mounting plugin OpenImageDenoise
LogPluginManager: Mounting plugin PlatformCrypto
LogPluginManager: Mounting plugin PythonScriptPlugin
LogPluginManager: Mounting plugin ProxyLODPlugin
LogPluginManager: Mounting plugin SkeletalReduction
LogPluginManager: Mounting plugin PlanarCut
LogPluginManager: Mounting plugin ChaosNiagara
LogPluginManager: Mounting plugin RiderSourceCodeAccess
LogPluginManager: Mounting plugin ContentBrowserClassDataSource
LogPluginManager: Mounting plugin ContentBrowserAssetDataSource
LogPluginManager: Mounting plugin ContentBrowserFileDataSource
LogPluginManager: Mounting plugin OnlineSubsystemGooglePlay
LogPluginManager: Mounting plugin OnlineSubsystemIOS
LogPluginManager: Mounting plugin OculusVR
LogPluginManager: Mounting plugin SteamVR
PixWinPlugin: PIX capture plugin failed to initialize! Check that the process is launched from PIX.
LogInit: Using libcurl 7.55.1-DEV
LogInit:  - built for x86_64-pc-win32
LogInit:  - supports SSL with OpenSSL/1.1.1
LogInit:  - supports HTTP deflate (compression) using libz 1.2.8
LogInit:  - other features:
LogInit:      CURL_VERSION_SSL
LogInit:      CURL_VERSION_LIBZ
LogInit:      CURL_VERSION_IPV6
LogInit:      CURL_VERSION_ASYNCHDNS
LogInit:      CURL_VERSION_LARGEFILE
LogInit:      CURL_VERSION_IDN
LogInit:  CurlRequestOptions (configurable via config and command line):
LogInit:  - bVerifyPeer = true  - Libcurl will verify peer certificate
LogInit:  - bUseHttpProxy = false  - Libcurl will NOT use HTTP proxy
LogInit:  - bDontReuseConnections = false  - Libcurl will reuse connections
LogInit:  - MaxHostConnections = 16  - Libcurl will limit the number of connections to a host
LogInit:  - LocalHostAddr = Default
LogInit:  - BufferSize = 65536
LogOnline: OSS: Creating online subsystem instance for: NULL
LogInit: WinSock: version 1.1 (2.2), MaxSocks=32767, MaxUdp=65467
LogOnline: OSS: TryLoadSubsystemAndSetDefault: Loaded subsystem for module [NULL]
LogOculusPluginWrapper: OculusPlugin initialized successfully
LogHMD: Failed initializing OVRPlugin 1.59.0
LogInit: Build: ++UE4+Release-4.27-CL-18319896
LogInit: Engine Version: 4.27.2-18319896+++UE4+Release-4.27
LogInit: Compatible Engine Version: 4.27.0-17155196+++UE4+Release-4.27
LogInit: Net CL: 17155196
LogInit: OS: Windows 10 (Release 2009) (), CPU: AMD Ryzen 5 5600 6-Core Processor              , GPU: NVIDIA GeForce RTX 3070
LogInit: Compiled (64-bit): Nov 30 2021 07:12:08
LogInit: Compiled with Visual C++: 19.24.28315.00
LogInit: Build Configuration: Development
LogInit: Branch Name: ++UE4+Release-4.27
LogInit: Command Line:  -skipcompile
LogInit: Base Directory: C:/Unreal/Engine/UE_4.27/Engine/Binaries/Win64/
LogInit: Allocator: TBB
LogInit: Installed Engine Build: 1
LogDevObjectVersion: Number of dev versions registered: 29
LogDevObjectVersion:   Dev-Blueprints (B0D832E4-1F89-4F0D-ACCF-7EB736FD4AA2): 10
LogDevObjectVersion:   Dev-Build (E1C64328-A22C-4D53-A36C-8E866417BD8C): 0
LogDevObjectVersion:   Dev-Core (375EC13C-06E4-48FB-B500-84F0262A717E): 4
LogDevObjectVersion:   Dev-Editor (E4B068ED-F494-42E9-A231-DA0B2E46BB41): 40
LogDevObjectVersion:   Dev-Framework (CFFC743F-43B0-4480-9391-14DF171D2073): 37
LogDevObjectVersion:   Dev-Mobile (B02B49B5-BB20-44E9-A304-32B752E40360): 3
LogDevObjectVersion:   Dev-Networking (A4E4105C-59A1-49B5-A7C5-40C4547EDFEE): 0
LogDevObjectVersion:   Dev-Online (39C831C9-5AE6-47DC-9A44-9C173E1C8E7C): 0
LogDevObjectVersion:   Dev-Physics (78F01B33-EBEA-4F98-B9B4-84EACCB95AA2): 14
LogDevObjectVersion:   Dev-Platform (6631380F-2D4D-43E0-8009-CF276956A95A): 0
LogDevObjectVersion:   Dev-Rendering (12F88B9F-8875-4AFC-A67C-D90C383ABD29): 45
LogDevObjectVersion:   Dev-Sequencer (7B5AE74C-D270-4C10-A958-57980B212A5A): 13
LogDevObjectVersion:   Dev-VR (D7296918-1DD6-4BDD-9DE2-64A83CC13884): 3
LogDevObjectVersion:   Dev-LoadTimes (C2A15278-BFE7-4AFE-6C17-90FF531DF755): 1
LogDevObjectVersion:   Private-Geometry (6EACA3D4-40EC-4CC1-B786-8BED09428FC5): 3
LogDevObjectVersion:   Dev-AnimPhys (29E575DD-E0A3-4627-9D10-D276232CDCEA): 17
LogDevObjectVersion:   Dev-Anim (AF43A65D-7FD3-4947-9873-3E8ED9C1BB05): 15
LogDevObjectVersion:   Dev-ReflectionCapture (6B266CEC-1EC7-4B8F-A30B-E4D90942FC07): 1
LogDevObjectVersion:   Dev-Automation (0DF73D61-A23F-47EA-B727-89E90C41499A): 1
LogDevObjectVersion:   FortniteMain (601D1886-AC64-4F84-AA16-D3DE0DEAC7D6): 47
LogDevObjectVersion:   FortniteRelease (E7086368-6B23-4C58-8439-1B7016265E91): 1
LogDevObjectVersion:   Dev-Enterprise (9DFFBCD6-494F-0158-E221-12823C92A888): 10
LogDevObjectVersion:   Dev-Niagara (F2AED0AC-9AFE-416F-8664-AA7FFA26D6FC): 1
LogDevObjectVersion:   Dev-Destruction (174F1F0B-B4C6-45A5-B13F-2EE8D0FB917D): 10
LogDevObjectVersion:   Dev-Physics-Ext (35F94A83-E258-406C-A318-09F59610247C): 41
LogDevObjectVersion:   Dev-PhysicsMaterial-Chaos (B68FC16E-8B1B-42E2-B453-215C058844FE): 1
LogDevObjectVersion:   Dev-CineCamera (B2E18506-4273-CFC2-A54E-F4BB758BBA07): 1
LogDevObjectVersion:   Dev-VirtualProduction (64F58936-FD1B-42BA-BA96-7289D5D0FA4E): 1
LogDevObjectVersion:   Dev-MediaFramework (6F0ED827-A609-4895-9C91-998D90180EA4): 2
LogInit: Presizing for max 25165824 objects, including 0 objects not considered by GC, pre-allocating 0 bytes for permanent pool.
LogConfig: Applying CVar settings from Section [/Script/Engine.StreamingSettings] File [C:/Unreal/MyProject/MakeVehicle_UE4.27/Vehicle/Saved/Config/Windows/Engine.ini]
LogConfig: Setting CVar [[s.MinBulkDataSizeForAsyncLoading:131072]]
LogConfig: Setting CVar [[s.AsyncLoadingThreadEnabled:0]]
LogConfig: Setting CVar [[s.EventDrivenLoaderEnabled:1]]
LogConfig: Setting CVar [[s.WarnIfTimeLimitExceeded:0]]
LogConfig: Setting CVar [[s.TimeLimitExceededMultiplier:1.5]]
LogConfig: Setting CVar [[s.TimeLimitExceededMinTime:0.005]]
LogConfig: Setting CVar [[s.UseBackgroundLevelStreaming:1]]
LogConfig: Setting CVar [[s.PriorityAsyncLoadingExtraTime:15.0]]
LogConfig: Setting CVar [[s.LevelStreamingActorsUpdateTimeLimit:5.0]]
LogConfig: Setting CVar [[s.PriorityLevelStreamingActorsUpdateExtraTime:5.0]]
LogConfig: Setting CVar [[s.LevelStreamingComponentsRegistrationGranularity:10]]
LogConfig: Setting CVar [[s.UnregisterComponentsTimeLimit:1.0]]
LogConfig: Setting CVar [[s.LevelStreamingComponentsUnregistrationGranularity:5]]
LogConfig: Setting CVar [[s.FlushStreamingOnExit:1]]
LogInit: Object subsystem initialized
LogConfig: Setting CVar [[con.DebugEarlyDefault:1]]
LogConfig: Setting CVar [[r.setres:1280x720]]
[2023.01.08-16.11.49:718][  0]LogConfig: Setting CVar [[r.VSync:0]]
[2023.01.08-16.11.49:718][  0]LogConfig: Setting CVar [[r.RHICmdBypass:0]]
[2023.01.08-16.11.49:718][  0]LogConfig: Applying CVar settings from Section [/Script/Engine.RendererSettings] File [C:/Unreal/MyProject/MakeVehicle_UE4.27/Vehicle/Saved/Config/Windows/Engine.ini]
[2023.01.08-16.11.49:718][  0]LogConfig: Setting CVar [[r.GPUCrashDebugging:0]]
[2023.01.08-16.11.49:718][  0]LogConfig: Applying CVar settings from Section [/Script/Engine.RendererOverrideSettings] File [C:/Unreal/MyProject/MakeVehicle_UE4.27/Vehicle/Saved/Config/Windows/Engine.ini]
[2023.01.08-16.11.49:718][  0]LogConfig: Applying CVar settings from Section [/Script/Engine.StreamingSettings] File [C:/Unreal/MyProject/MakeVehicle_UE4.27/Vehicle/Saved/Config/Windows/Engine.ini]
[2023.01.08-16.11.49:718][  0]LogConfig: Setting CVar [[s.MinBulkDataSizeForAsyncLoading:131072]]
[2023.01.08-16.11.49:718][  0]LogConfig: Setting CVar [[s.AsyncLoadingThreadEnabled:0]]
[2023.01.08-16.11.49:718][  0]LogConfig: Setting CVar [[s.EventDrivenLoaderEnabled:1]]
[2023.01.08-16.11.49:718][  0]LogConfig: Setting CVar [[s.WarnIfTimeLimitExceeded:0]]
[2023.01.08-16.11.49:719][  0]LogConfig: Setting CVar [[s.TimeLimitExceededMultiplier:1.5]]
[2023.01.08-16.11.49:719][  0]LogConfig: Setting CVar [[s.TimeLimitExceededMinTime:0.005]]
[2023.01.08-16.11.49:719][  0]LogConfig: Setting CVar [[s.UseBackgroundLevelStreaming:1]]
[2023.01.08-16.11.49:719][  0]LogConfig: Setting CVar [[s.PriorityAsyncLoadingExtraTime:15.0]]
[2023.01.08-16.11.49:719][  0]LogConfig: Setting CVar [[s.LevelStreamingActorsUpdateTimeLimit:5.0]]
[2023.01.08-16.11.49:719][  0]LogConfig: Setting CVar [[s.PriorityLevelStreamingActorsUpdateExtraTime:5.0]]
[2023.01.08-16.11.49:719][  0]LogConfig: Setting CVar [[s.LevelStreamingComponentsRegistrationGranularity:10]]
[2023.01.08-16.11.49:719][  0]LogConfig: Setting CVar [[s.UnregisterComponentsTimeLimit:1.0]]
[2023.01.08-16.11.49:719][  0]LogConfig: Setting CVar [[s.LevelStreamingComponentsUnregistrationGranularity:5]]
[2023.01.08-16.11.49:719][  0]LogConfig: Setting CVar [[s.FlushStreamingOnExit:1]]
[2023.01.08-16.11.49:719][  0]LogConfig: Applying CVar settings from Section [/Script/Engine.GarbageCollectionSettings] File [C:/Unreal/MyProject/MakeVehicle_UE4.27/Vehicle/Saved/Config/Windows/Engine.ini]
[2023.01.08-16.11.49:719][  0]LogConfig: Setting CVar [[gc.MaxObjectsNotConsideredByGC:1]]
[2023.01.08-16.11.49:719][  0]LogConfig: Setting CVar [[gc.SizeOfPermanentObjectPool:0]]
[2023.01.08-16.11.49:719][  0]LogConfig: Setting CVar [[gc.FlushStreamingOnGC:0]]
[2023.01.08-16.11.49:719][  0]LogConfig: Setting CVar [[gc.NumRetriesBeforeForcingGC:10]]
[2023.01.08-16.11.49:719][  0]LogConfig: Setting CVar [[gc.AllowParallelGC:1]]
[2023.01.08-16.11.49:719][  0]LogConfig: Setting CVar [[gc.TimeBetweenPurgingPendingKillObjects:61.1]]
[2023.01.08-16.11.49:719][  0]LogConfig: Setting CVar [[gc.MaxObjectsInEditor:25165824]]
[2023.01.08-16.11.49:719][  0]LogConfig: Setting CVar [[gc.IncrementalBeginDestroyEnabled:1]]
[2023.01.08-16.11.49:720][  0]LogConfig: Setting CVar [[gc.CreateGCClusters:1]]
[2023.01.08-16.11.49:720][  0]LogConfig: Setting CVar [[gc.MinGCClusterSize:5]]
[2023.01.08-16.11.49:720][  0]LogConfig: Setting CVar [[gc.ActorClusteringEnabled:0]]
[2023.01.08-16.11.49:720][  0]LogConfig: Setting CVar [[gc.BlueprintClusteringEnabled:0]]
[2023.01.08-16.11.49:720][  0]LogConfig: Setting CVar [[gc.UseDisregardForGCOnDedicatedServers:0]]
[2023.01.08-16.11.49:720][  0]LogConfig: Setting CVar [[gc.MultithreadedDestructionEnabled:1]]
[2023.01.08-16.11.49:720][  0]LogConfig: Applying CVar settings from Section [/Script/Engine.NetworkSettings] File [C:/Unreal/MyProject/MakeVehicle_UE4.27/Vehicle/Saved/Config/Windows/Engine.ini]
[2023.01.08-16.11.49:720][  0]LogConfig: Applying CVar settings from Section [/Script/UnrealEd.CookerSettings] File [C:/Unreal/MyProject/MakeVehicle_UE4.27/Vehicle/Saved/Config/Windows/Engine.ini]
[2023.01.08-16.11.49:731][  0]LogConfig: Applying CVar settings from Section [ViewDistanceQuality@3] File [C:/Unreal/MyProject/MakeVehicle_UE4.27/Vehicle/Saved/Config/Windows/Scalability.ini]
[2023.01.08-16.11.49:731][  0]LogConfig: Setting CVar [[r.SkeletalMeshLODBias:0]]
[2023.01.08-16.11.49:731][  0]LogConfig: Setting CVar [[r.ViewDistanceScale:1.0]]
[2023.01.08-16.11.49:731][  0]LogConfig: Applying CVar settings from Section [AntiAliasingQuality@3] File [C:/Unreal/MyProject/MakeVehicle_UE4.27/Vehicle/Saved/Config/Windows/Scalability.ini]
[2023.01.08-16.11.49:731][  0]LogConfig: Setting CVar [[r.PostProcessAAQuality:4]]
[2023.01.08-16.11.49:731][  0]LogConfig: Applying CVar settings from Section [ShadowQuality@3] File [C:/Unreal/MyProject/MakeVehicle_UE4.27/Vehicle/Saved/Config/Windows/Scalability.ini]
[2023.01.08-16.11.49:731][  0]LogConfig: Setting CVar [[r.LightFunctionQuality:1]]
[2023.01.08-16.11.49:731][  0]LogConfig: Setting CVar [[r.ShadowQuality:5]]
[2023.01.08-16.11.49:731][  0]LogConfig: Setting CVar [[r.Shadow.CSM.MaxCascades:10]]
[2023.01.08-16.11.49:731][  0]LogConfig: Setting CVar [[r.Shadow.MaxResolution:2048]]
[2023.01.08-16.11.49:731][  0]LogConfig: Setting CVar [[r.Shadow.MaxCSMResolution:2048]]
[2023.01.08-16.11.49:731][  0]LogConfig: Setting CVar [[r.Shadow.RadiusThreshold:0.01]]
[2023.01.08-16.11.49:731][  0]LogConfig: Setting CVar [[r.Shadow.DistanceScale:1.0]]
[2023.01.08-16.11.49:731][  0]LogConfig: Setting CVar [[r.Shadow.CSM.TransitionScale:1.0]]
[2023.01.08-16.11.49:731][  0]LogConfig: Setting CVar [[r.Shadow.PreShadowResolutionFactor:1.0]]
[2023.01.08-16.11.49:731][  0]LogConfig: Setting CVar [[r.DistanceFieldShadowing:1]]
[2023.01.08-16.11.49:731][  0]LogConfig: Setting CVar [[r.DistanceFieldAO:1]]
[2023.01.08-16.11.49:731][  0]LogConfig: Setting CVar [[r.AOQuality:2]]
[2023.01.08-16.11.49:732][  0]LogConfig: Setting CVar [[r.VolumetricFog:1]]
[2023.01.08-16.11.49:732][  0]LogConfig: Setting CVar [[r.VolumetricFog.GridPixelSize:8]]
[2023.01.08-16.11.49:732][  0]LogConfig: Setting CVar [[r.VolumetricFog.GridSizeZ:128]]
[2023.01.08-16.11.49:732][  0]LogConfig: Setting CVar [[r.VolumetricFog.HistoryMissSupersampleCount:4]]
[2023.01.08-16.11.49:732][  0]LogConfig: Setting CVar [[r.LightMaxDrawDistanceScale:1]]
[2023.01.08-16.11.49:732][  0]LogConfig: Setting CVar [[r.CapsuleShadows:1]]
[2023.01.08-16.11.49:732][  0]LogConfig: Applying CVar settings from Section [PostProcessQuality@3] File [C:/Unreal/MyProject/MakeVehicle_UE4.27/Vehicle/Saved/Config/Windows/Scalability.ini]
[2023.01.08-16.11.49:732][  0]LogConfig: Setting CVar [[r.MotionBlurQuality:4]]
[2023.01.08-16.11.49:732][  0]LogConfig: Setting CVar [[r.AmbientOcclusionMipLevelFactor:0.4]]
[2023.01.08-16.11.49:732][  0]LogConfig: Setting CVar [[r.AmbientOcclusionMaxQuality:100]]
[2023.01.08-16.11.49:732][  0]LogConfig: Setting CVar [[r.AmbientOcclusionLevels:-1]]
[2023.01.08-16.11.49:732][  0]LogConfig: Setting CVar [[r.AmbientOcclusionRadiusScale:1.0]]
[2023.01.08-16.11.49:732][  0]LogConfig: Setting CVar [[r.DepthOfFieldQuality:2]]
[2023.01.08-16.11.49:732][  0]LogConfig: Setting CVar [[r.RenderTargetPoolMin:400]]
[2023.01.08-16.11.49:732][  0]LogConfig: Setting CVar [[r.LensFlareQuality:2]]
[2023.01.08-16.11.49:732][  0]LogConfig: Setting CVar [[r.SceneColorFringeQuality:1]]
[2023.01.08-16.11.49:732][  0]LogConfig: Setting CVar [[r.EyeAdaptationQuality:2]]
[2023.01.08-16.11.49:732][  0]LogConfig: Setting CVar [[r.BloomQuality:5]]
[2023.01.08-16.11.49:732][  0]LogConfig: Setting CVar [[r.FastBlurThreshold:100]]
[2023.01.08-16.11.49:733][  0]LogConfig: Setting CVar [[r.Upscale.Quality:3]]
[2023.01.08-16.11.49:733][  0]LogConfig: Setting CVar [[r.Tonemapper.GrainQuantization:1]]
[2023.01.08-16.11.49:733][  0]LogConfig: Setting CVar [[r.LightShaftQuality:1]]
[2023.01.08-16.11.49:733][  0]LogConfig: Setting CVar [[r.Filter.SizeScale:1]]
[2023.01.08-16.11.49:733][  0]LogConfig: Setting CVar [[r.Tonemapper.Quality:5]]
[2023.01.08-16.11.49:733][  0]LogConfig: Setting CVar [[r.DOF.Gather.AccumulatorQuality:1        ; higher gathering accumulator quality]]
[2023.01.08-16.11.49:733][  0]LogConfig: Setting CVar [[r.DOF.Gather.PostfilterMethod:1          ; Median3x3 postfilering method]]
[2023.01.08-16.11.49:733][  0]LogConfig: Setting CVar [[r.DOF.Gather.EnableBokehSettings:0       ; no bokeh simulation when gathering]]
[2023.01.08-16.11.49:733][  0]LogConfig: Setting CVar [[r.DOF.Gather.RingCount:4                 ; medium number of samples when gathering]]
[2023.01.08-16.11.49:733][  0]LogConfig: Setting CVar [[r.DOF.Scatter.ForegroundCompositing:1    ; additive foreground scattering]]
[2023.01.08-16.11.49:733][  0]LogConfig: Setting CVar [[r.DOF.Scatter.BackgroundCompositing:2    ; additive background scattering]]
[2023.01.08-16.11.49:733][  0]LogConfig: Setting CVar [[r.DOF.Scatter.EnableBokehSettings:1      ; bokeh simulation when scattering]]
[2023.01.08-16.11.49:733][  0]LogConfig: Setting CVar [[r.DOF.Scatter.MaxSpriteRatio:0.1         ; only a maximum of 10% of scattered bokeh]]
[2023.01.08-16.11.49:733][  0]LogConfig: Setting CVar [[r.DOF.Recombine.Quality:1                ; cheap slight out of focus]]
[2023.01.08-16.11.49:733][  0]LogConfig: Setting CVar [[r.DOF.Recombine.EnableBokehSettings:0    ; no bokeh simulation on slight out of focus]]
[2023.01.08-16.11.49:733][  0]LogConfig: Setting CVar [[r.DOF.TemporalAAQuality:1                ; more stable temporal accumulation]]
[2023.01.08-16.11.49:733][  0]LogConfig: Setting CVar [[r.DOF.Kernel.MaxForegroundRadius:0.025]]
[2023.01.08-16.11.49:733][  0]LogConfig: Setting CVar [[r.DOF.Kernel.MaxBackgroundRadius:0.025]]
[2023.01.08-16.11.49:733][  0]LogConfig: Applying CVar settings from Section [TextureQuality@3] File [C:/Unreal/MyProject/MakeVehicle_UE4.27/Vehicle/Saved/Config/Windows/Scalability.ini]
[2023.01.08-16.11.49:733][  0]LogConfig: Setting CVar [[r.Streaming.MipBias:0]]
[2023.01.08-16.11.49:734][  0]LogConfig: Setting CVar [[r.Streaming.AmortizeCPUToGPUCopy:0]]
[2023.01.08-16.11.49:734][  0]LogConfig: Setting CVar [[r.Streaming.MaxNumTexturesToStreamPerFrame:0]]
[2023.01.08-16.11.49:734][  0]LogConfig: Setting CVar [[r.Streaming.Boost:1]]
[2023.01.08-16.11.49:734][  0]LogConfig: Setting CVar [[r.MaxAnisotropy:8]]
[2023.01.08-16.11.49:734][  0]LogConfig: Setting CVar [[r.VT.MaxAnisotropy:8]]
[2023.01.08-16.11.49:734][  0]LogConfig: Setting CVar [[r.Streaming.LimitPoolSizeToVRAM:0]]
[2023.01.08-16.11.49:734][  0]LogConfig: Setting CVar [[r.Streaming.PoolSize:1000]]
[2023.01.08-16.11.49:734][  0]LogConfig: Setting CVar [[r.Streaming.MaxEffectiveScreenSize:0]]
[2023.01.08-16.11.49:734][  0]LogConfig: Applying CVar settings from Section [EffectsQuality@3] File [C:/Unreal/MyProject/MakeVehicle_UE4.27/Vehicle/Saved/Config/Windows/Scalability.ini]
[2023.01.08-16.11.49:734][  0]LogConfig: Setting CVar [[r.TranslucencyLightingVolumeDim:64]]
[2023.01.08-16.11.49:734][  0]LogConfig: Setting CVar [[r.RefractionQuality:2]]
[2023.01.08-16.11.49:734][  0]LogConfig: Setting CVar [[r.SSR.Quality:3]]
[2023.01.08-16.11.49:734][  0]LogConfig: Setting CVar [[r.SSR.HalfResSceneColor:0]]
[2023.01.08-16.11.49:734][  0]LogConfig: Setting CVar [[r.SceneColorFormat:4]]
[2023.01.08-16.11.49:734][  0]LogConfig: Setting CVar [[r.DetailMode:2]]
[2023.01.08-16.11.49:734][  0]LogConfig: Setting CVar [[r.TranslucencyVolumeBlur:1]]
[2023.01.08-16.11.49:734][  0]LogConfig: Setting CVar [[r.MaterialQualityLevel:1 ; High quality]]
[2023.01.08-16.11.49:734][  0]LogConfig: Setting CVar [[r.AnisotropicMaterials:1]]
[2023.01.08-16.11.49:734][  0]LogConfig: Setting CVar [[r.SSS.Scale:1]]
[2023.01.08-16.11.49:734][  0]LogConfig: Setting CVar [[r.SSS.SampleSet:2]]
[2023.01.08-16.11.49:734][  0]LogConfig: Setting CVar [[r.SSS.Quality:1]]
[2023.01.08-16.11.49:735][  0]LogConfig: Setting CVar [[r.SSS.HalfRes:0]]
[2023.01.08-16.11.49:735][  0]LogConfig: Setting CVar [[r.SSGI.Quality:3]]
[2023.01.08-16.11.49:735][  0]LogConfig: Setting CVar [[r.EmitterSpawnRateScale:1.0]]
[2023.01.08-16.11.49:735][  0]LogConfig: Setting CVar [[r.ParticleLightQuality:2]]
[2023.01.08-16.11.49:735][  0]LogConfig: Setting CVar [[r.SkyAtmosphere.AerialPerspectiveLUT.FastApplyOnOpaque:1 ; Always have FastSkyLUT 1 in this case to avoid wrong sky]]
[2023.01.08-16.11.49:735][  0]LogConfig: Setting CVar [[r.SkyAtmosphere.AerialPerspectiveLUT.SampleCountMaxPerSlice:4]]
[2023.01.08-16.11.49:735][  0]LogConfig: Setting CVar [[r.SkyAtmosphere.AerialPerspectiveLUT.DepthResolution:16.0]]
[2023.01.08-16.11.49:735][  0]LogConfig: Setting CVar [[r.SkyAtmosphere.FastSkyLUT:1]]
[2023.01.08-16.11.49:735][  0]LogConfig: Setting CVar [[r.SkyAtmosphere.FastSkyLUT.SampleCountMin:4.0]]
[2023.01.08-16.11.49:735][  0]LogConfig: Setting CVar [[r.SkyAtmosphere.FastSkyLUT.SampleCountMax:128.0]]
[2023.01.08-16.11.49:735][  0]LogConfig: Setting CVar [[r.SkyAtmosphere.SampleCountMin:4.0]]
[2023.01.08-16.11.49:735][  0]LogConfig: Setting CVar [[r.SkyAtmosphere.SampleCountMax:128.0]]
[2023.01.08-16.11.49:735][  0]LogConfig: Setting CVar [[r.SkyAtmosphere.TransmittanceLUT.UseSmallFormat:0]]
[2023.01.08-16.11.49:735][  0]LogConfig: Setting CVar [[r.SkyAtmosphere.TransmittanceLUT.SampleCount:10.0]]
[2023.01.08-16.11.49:735][  0]LogConfig: Setting CVar [[r.SkyAtmosphere.MultiScatteringLUT.SampleCount:15.0]]
[2023.01.08-16.11.49:735][  0]LogConfig: Setting CVar [[r.SkyLight.RealTimeReflectionCapture:1]]
[2023.01.08-16.11.49:735][  0]LogConfig: Applying CVar settings from Section [FoliageQuality@3] File [C:/Unreal/MyProject/MakeVehicle_UE4.27/Vehicle/Saved/Config/Windows/Scalability.ini]
[2023.01.08-16.11.49:735][  0]LogConfig: Setting CVar [[foliage.DensityScale:1.0]]
[2023.01.08-16.11.49:735][  0]LogConfig: Setting CVar [[grass.DensityScale:1.0]]
[2023.01.08-16.11.49:735][  0]LogConfig: Applying CVar settings from Section [ShadingQuality@3] File [C:/Unreal/MyProject/MakeVehicle_UE4.27/Vehicle/Saved/Config/Windows/Scalability.ini]
[2023.01.08-16.11.49:736][  0]LogConfig: Setting CVar [[r.HairStrands.SkyLighting.IntegrationType:2]]
[2023.01.08-16.11.49:736][  0]LogConfig: Setting CVar [[r.HairStrands.SkyAO.SampleCount:4]]
[2023.01.08-16.11.49:736][  0]LogConfig: Setting CVar [[r.HairStrands.Visibility.MSAA.SamplePerPixel:4]]
[2023.01.08-16.11.49:736][  0]LogInit: Selected Device Profile: [Windows]
[2023.01.08-16.11.49:736][  0]LogInit: Applying CVar settings loaded from the selected device profile: [Windows]
[2023.01.08-16.11.49:736][  0]LogHAL: Display: Platform has ~ 16 GB [17086066688 / 17179869184 / 16], which maps to Larger [LargestMinGB=32, LargerMinGB=12, DefaultMinGB=8, SmallerMinGB=6, SmallestMinGB=0)
[2023.01.08-16.11.49:736][  0]LogInit: Going up to parent DeviceProfile []
[2023.01.08-16.11.49:736][  0]LogConfig: Applying CVar settings from Section [ViewDistanceQuality@2] File [C:/Unreal/MyProject/MakeVehicle_UE4.27/Vehicle/Saved/Config/Windows/Scalability.ini]
[2023.01.08-16.11.49:736][  0]LogConfig: Setting CVar [[r.SkeletalMeshLODBias:0]]
[2023.01.08-16.11.49:736][  0]LogConfig: Setting CVar [[r.ViewDistanceScale:0.8]]
[2023.01.08-16.11.49:736][  0]LogConfig: Applying CVar settings from Section [AntiAliasingQuality@2] File [C:/Unreal/MyProject/MakeVehicle_UE4.27/Vehicle/Saved/Config/Windows/Scalability.ini]
[2023.01.08-16.11.49:736][  0]LogConfig: Setting CVar [[r.PostProcessAAQuality:3]]
[2023.01.08-16.11.49:736][  0]LogConfig: Applying CVar settings from Section [ShadowQuality@2] File [C:/Unreal/MyProject/MakeVehicle_UE4.27/Vehicle/Saved/Config/Windows/Scalability.ini]
[2023.01.08-16.11.49:736][  0]LogConfig: Setting CVar [[r.LightFunctionQuality:1]]
[2023.01.08-16.11.49:736][  0]LogConfig: Setting CVar [[r.ShadowQuality:5]]
[2023.01.08-16.11.49:736][  0]LogConfig: Setting CVar [[r.Shadow.CSM.MaxCascades:4]]
[2023.01.08-16.11.49:736][  0]LogConfig: Setting CVar [[r.Shadow.MaxResolution:1024]]
[2023.01.08-16.11.49:736][  0]LogConfig: Setting CVar [[r.Shadow.MaxCSMResolution:2048]]
[2023.01.08-16.11.49:736][  0]LogConfig: Setting CVar [[r.Shadow.RadiusThreshold:0.04]]
[2023.01.08-16.11.49:736][  0]LogConfig: Setting CVar [[r.Shadow.DistanceScale:0.85]]
[2023.01.08-16.11.49:736][  0]LogConfig: Setting CVar [[r.Shadow.CSM.TransitionScale:0.8]]
[2023.01.08-16.11.49:736][  0]LogConfig: Setting CVar [[r.Shadow.PreShadowResolutionFactor:0.5]]
[2023.01.08-16.11.49:736][  0]LogConfig: Setting CVar [[r.DistanceFieldShadowing:1]]
[2023.01.08-16.11.49:736][  0]LogConfig: Setting CVar [[r.DistanceFieldAO:1]]
[2023.01.08-16.11.49:738][  0]LogConfig: Setting CVar [[r.AOQuality:1]]
[2023.01.08-16.11.49:738][  0]LogConfig: Setting CVar [[r.VolumetricFog:1]]
[2023.01.08-16.11.49:738][  0]LogConfig: Setting CVar [[r.VolumetricFog.GridPixelSize:16]]
[2023.01.08-16.11.49:738][  0]LogConfig: Setting CVar [[r.VolumetricFog.GridSizeZ:64]]
[2023.01.08-16.11.49:738][  0]LogConfig: Setting CVar [[r.VolumetricFog.HistoryMissSupersampleCount:4]]
[2023.01.08-16.11.49:738][  0]LogConfig: Setting CVar [[r.LightMaxDrawDistanceScale:1]]
[2023.01.08-16.11.49:738][  0]LogConfig: Setting CVar [[r.CapsuleShadows:1]]
[2023.01.08-16.11.49:738][  0]LogConfig: Applying CVar settings from Section [PostProcessQuality@2] File [C:/Unreal/MyProject/MakeVehicle_UE4.27/Vehicle/Saved/Config/Windows/Scalability.ini]
[2023.01.08-16.11.49:738][  0]LogConfig: Setting CVar [[r.MotionBlurQuality:3]]
[2023.01.08-16.11.49:738][  0]LogConfig: Setting CVar [[r.AmbientOcclusionMipLevelFactor:0.6]]
[2023.01.08-16.11.49:738][  0]LogConfig: Setting CVar [[r.AmbientOcclusionMaxQuality:100]]
[2023.01.08-16.11.49:738][  0]LogConfig: Setting CVar [[r.AmbientOcclusionLevels:-1]]
[2023.01.08-16.11.49:738][  0]LogConfig: Setting CVar [[r.AmbientOcclusionRadiusScale:1.5]]
[2023.01.08-16.11.49:738][  0]LogConfig: Setting CVar [[r.DepthOfFieldQuality:2]]
[2023.01.08-16.11.49:738][  0]LogConfig: Setting CVar [[r.RenderTargetPoolMin:400]]
[2023.01.08-16.11.49:738][  0]LogConfig: Setting CVar [[r.LensFlareQuality:2]]
[2023.01.08-16.11.49:738][  0]LogConfig: Setting CVar [[r.SceneColorFringeQuality:1]]
[2023.01.08-16.11.49:739][  0]LogConfig: Setting CVar [[r.EyeAdaptationQuality:2]]
[2023.01.08-16.11.49:739][  0]LogConfig: Setting CVar [[r.BloomQuality:5]]
[2023.01.08-16.11.49:739][  0]LogConfig: Setting CVar [[r.FastBlurThreshold:3]]
[2023.01.08-16.11.49:739][  0]LogConfig: Setting CVar [[r.Upscale.Quality:2]]
[2023.01.08-16.11.49:739][  0]LogConfig: Setting CVar [[r.Tonemapper.GrainQuantization:1]]
[2023.01.08-16.11.49:739][  0]LogConfig: Setting CVar [[r.LightShaftQuality:1]]
[2023.01.08-16.11.49:739][  0]LogConfig: Setting CVar [[r.Filter.SizeScale:0.8]]
[2023.01.08-16.11.49:739][  0]LogConfig: Setting CVar [[r.Tonemapper.Quality:5]]
[2023.01.08-16.11.49:739][  0]LogConfig: Setting CVar [[r.DOF.Gather.AccumulatorQuality:0        ; lower gathering accumulator quality]]
[2023.01.08-16.11.49:739][  0]LogConfig: Setting CVar [[r.DOF.Gather.PostfilterMethod:2          ; Max3x3 postfilering method]]
[2023.01.08-16.11.49:739][  0]LogConfig: Setting CVar [[r.DOF.Gather.EnableBokehSettings:0       ; no bokeh simulation when gathering]]
[2023.01.08-16.11.49:739][  0]LogConfig: Setting CVar [[r.DOF.Gather.RingCount:4                 ; medium number of samples when gathering]]
[2023.01.08-16.11.49:739][  0]LogConfig: Setting CVar [[r.DOF.Scatter.ForegroundCompositing:1    ; additive foreground scattering]]
[2023.01.08-16.11.49:739][  0]LogConfig: Setting CVar [[r.DOF.Scatter.BackgroundCompositing:1    ; no background occlusion]]
[2023.01.08-16.11.49:739][  0]LogConfig: Setting CVar [[r.DOF.Scatter.EnableBokehSettings:0      ; no bokeh simulation when scattering]]
[2023.01.08-16.11.49:739][  0]LogConfig: Setting CVar [[r.DOF.Scatter.MaxSpriteRatio:0.04        ; only a maximum of 4% of scattered bokeh]]
[2023.01.08-16.11.49:739][  0]LogConfig: Setting CVar [[r.DOF.Recombine.Quality:0                ; no slight out of focus]]
[2023.01.08-16.11.49:739][  0]LogConfig: Setting CVar [[r.DOF.TemporalAAQuality:0                ; faster temporal accumulation]]
[2023.01.08-16.11.49:740][  0]LogConfig: Setting CVar [[r.DOF.Kernel.MaxForegroundRadius:0.012   ; required because of AccumulatorQuality=0]]
[2023.01.08-16.11.49:740][  0]LogConfig: Setting CVar [[r.DOF.Kernel.MaxBackgroundRadius:0.012   ; required because of AccumulatorQuality=0]]
[2023.01.08-16.11.49:740][  0]LogConfig: Applying CVar settings from Section [TextureQuality@2] File [C:/Unreal/MyProject/MakeVehicle_UE4.27/Vehicle/Saved/Config/Windows/Scalability.ini]
[2023.01.08-16.11.49:740][  0]LogConfig: Setting CVar [[r.Streaming.MipBias:0]]
[2023.01.08-16.11.49:740][  0]LogConfig: Setting CVar [[r.Streaming.AmortizeCPUToGPUCopy:0]]
[2023.01.08-16.11.49:740][  0]LogConfig: Setting CVar [[r.Streaming.MaxNumTexturesToStreamPerFrame:0]]
[2023.01.08-16.11.49:740][  0]LogConfig: Setting CVar [[r.Streaming.Boost:1]]
[2023.01.08-16.11.49:740][  0]LogConfig: Setting CVar [[r.MaxAnisotropy:4]]
[2023.01.08-16.11.49:740][  0]LogConfig: Setting CVar [[r.VT.MaxAnisotropy:8]]
[2023.01.08-16.11.49:740][  0]LogConfig: Setting CVar [[r.Streaming.LimitPoolSizeToVRAM:1]]
[2023.01.08-16.11.49:740][  0]LogConfig: Setting CVar [[r.Streaming.PoolSize:800]]
[2023.01.08-16.11.49:740][  0]LogConfig: Setting CVar [[r.Streaming.MaxEffectiveScreenSize:0]]
[2023.01.08-16.11.49:740][  0]LogConfig: Applying CVar settings from Section [EffectsQuality@2] File [C:/Unreal/MyProject/MakeVehicle_UE4.27/Vehicle/Saved/Config/Windows/Scalability.ini]
[2023.01.08-16.11.49:740][  0]LogConfig: Setting CVar [[r.TranslucencyLightingVolumeDim:48]]
[2023.01.08-16.11.49:740][  0]LogConfig: Setting CVar [[r.RefractionQuality:2]]
[2023.01.08-16.11.49:740][  0]LogConfig: Setting CVar [[r.SSR.Quality:2]]
[2023.01.08-16.11.49:740][  0]LogConfig: Setting CVar [[r.SSR.HalfResSceneColor:1]]
[2023.01.08-16.11.49:740][  0]LogConfig: Setting CVar [[r.SceneColorFormat:3]]
[2023.01.08-16.11.49:740][  0]LogConfig: Setting CVar [[r.DetailMode:1]]
[2023.01.08-16.11.49:740][  0]LogConfig: Setting CVar [[r.TranslucencyVolumeBlur:1]]
[2023.01.08-16.11.49:741][  0]LogConfig: Setting CVar [[r.MaterialQualityLevel:1 ; High quality]]
[2023.01.08-16.11.49:741][  0]LogConfig: Setting CVar [[r.AnisotropicMaterials:1]]
[2023.01.08-16.11.49:741][  0]LogConfig: Setting CVar [[r.SSS.Scale:1]]
[2023.01.08-16.11.49:741][  0]LogConfig: Setting CVar [[r.SSS.SampleSet:1]]
[2023.01.08-16.11.49:741][  0]LogConfig: Setting CVar [[r.SSS.Quality:-1]]
[2023.01.08-16.11.49:741][  0]LogConfig: Setting CVar [[r.SSS.HalfRes:1]]
[2023.01.08-16.11.49:741][  0]LogConfig: Setting CVar [[r.SSGI.Quality:2]]
[2023.01.08-16.11.49:741][  0]LogConfig: Setting CVar [[r.EmitterSpawnRateScale:0.5]]
[2023.01.08-16.11.49:741][  0]LogConfig: Setting CVar [[r.ParticleLightQuality:1]]
[2023.01.08-16.11.49:741][  0]LogConfig: Setting CVar [[r.SkyAtmosphere.AerialPerspectiveLUT.FastApplyOnOpaque:1 ; Always have FastSkyLUT 1 in this case to avoid wrong sky]]
[2023.01.08-16.11.49:741][  0]LogConfig: Setting CVar [[r.SkyAtmosphere.AerialPerspectiveLUT.SampleCountMaxPerSlice:2]]
[2023.01.08-16.11.49:741][  0]LogConfig: Setting CVar [[r.SkyAtmosphere.AerialPerspectiveLUT.DepthResolution:16.0]]
[2023.01.08-16.11.49:741][  0]LogConfig: Setting CVar [[r.SkyAtmosphere.FastSkyLUT:1]]
[2023.01.08-16.11.49:741][  0]LogConfig: Setting CVar [[r.SkyAtmosphere.FastSkyLUT.SampleCountMin:4.0]]
[2023.01.08-16.11.49:741][  0]LogConfig: Setting CVar [[r.SkyAtmosphere.FastSkyLUT.SampleCountMax:64.0]]
[2023.01.08-16.11.49:741][  0]LogConfig: Setting CVar [[r.SkyAtmosphere.SampleCountMin:4.0]]
[2023.01.08-16.11.49:741][  0]LogConfig: Setting CVar [[r.SkyAtmosphere.SampleCountMax:64.0]]
[2023.01.08-16.11.49:741][  0]LogConfig: Setting CVar [[r.SkyAtmosphere.TransmittanceLUT.UseSmallFormat:0]]
[2023.01.08-16.11.49:742][  0]LogConfig: Setting CVar [[r.SkyAtmosphere.TransmittanceLUT.SampleCount:10.0]]
[2023.01.08-16.11.49:742][  0]LogConfig: Setting CVar [[r.SkyAtmosphere.MultiScatteringLUT.SampleCount:15.0]]
[2023.01.08-16.11.49:742][  0]LogConfig: Setting CVar [[r.SkyLight.RealTimeReflectionCapture:1]]
[2023.01.08-16.11.49:742][  0]LogConfig: Applying CVar settings from Section [FoliageQuality@2] File [C:/Unreal/MyProject/MakeVehicle_UE4.27/Vehicle/Saved/Config/Windows/Scalability.ini]
[2023.01.08-16.11.49:742][  0]LogConfig: Setting CVar [[foliage.DensityScale:0.8]]
[2023.01.08-16.11.49:742][  0]LogConfig: Setting CVar [[grass.DensityScale:0.8]]
[2023.01.08-16.11.49:742][  0]LogConfig: Applying CVar settings from Section [ShadingQuality@2] File [C:/Unreal/MyProject/MakeVehicle_UE4.27/Vehicle/Saved/Config/Windows/Scalability.ini]
[2023.01.08-16.11.49:742][  0]LogConfig: Setting CVar [[r.HairStrands.SkyLighting.IntegrationType:2]]
[2023.01.08-16.11.49:742][  0]LogConfig: Setting CVar [[r.HairStrands.SkyAO.SampleCount:4]]
[2023.01.08-16.11.49:742][  0]LogConfig: Setting CVar [[r.HairStrands.Visibility.MSAA.SamplePerPixel:4]]
[2023.01.08-16.11.49:742][  0]LogConfig: Applying CVar settings from Section [Startup] File [../../../Engine/Config/ConsoleVariables.ini]
[2023.01.08-16.11.49:742][  0]LogConfig: Setting CVar [[net.UseAdaptiveNetUpdateFrequency:0]]
[2023.01.08-16.11.49:742][  0]LogConfig: Setting CVar [[p.chaos.AllowCreatePhysxBodies:1]]
[2023.01.08-16.11.49:742][  0]LogConfig: Setting CVar [[fx.SkipVectorVMBackendOptimizations:1]]
[2023.01.08-16.11.49:742][  0]LogConfig: Applying CVar settings from Section [ConsoleVariables] File [C:/Unreal/MyProject/MakeVehicle_UE4.27/Vehicle/Saved/Config/Windows/Engine.ini]
[2023.01.08-16.11.49:743][  0]LogConfig: Applying CVar settings from Section [ConsoleVariables] File [C:/Unreal/MyProject/MakeVehicle_UE4.27/Vehicle/Saved/Config/Windows/Editor.ini]
[2023.01.08-16.11.49:743][  0]LogInit: Computer: DESKTOP-B2E855P
[2023.01.08-16.11.49:743][  0]LogInit: User: gyu37
[2023.01.08-16.11.49:743][  0]LogInit: CPU Page size=4096, Cores=6
[2023.01.08-16.11.49:743][  0]LogInit: High frequency timer resolution =10.000000 MHz
[2023.01.08-16.11.49:743][  0]LogMemory: Memory total: Physical=15.9GB (16GB approx)
[2023.01.08-16.11.49:743][  0]LogMemory: Platform Memory Stats for Windows
[2023.01.08-16.11.49:743][  0]LogMemory: Process Physical Memory: 147.33 MB used, 147.33 MB peak
[2023.01.08-16.11.49:743][  0]LogMemory: Process Virtual Memory: 128.96 MB used, 128.96 MB peak
[2023.01.08-16.11.49:743][  0]LogMemory: Physical Memory: 11085.43 MB used,  5209.11 MB free, 16294.54 MB total
[2023.01.08-16.11.49:743][  0]LogMemory: Virtual Memory: 134206456.00 MB used,  11270.35 MB free, 134217728.00 MB total
[2023.01.08-16.11.49:750][  0]LogWindows: WindowsPlatformFeatures enabled
[2023.01.08-16.11.49:934][  0]LogInit: Physics initialised using underlying interface: PhysX
[2023.01.08-16.11.49:935][  0]LogInit: Overriding language with editor language configuration option (ko).
[2023.01.08-16.11.49:935][  0]LogInit: Using OS detected locale (ko-KR).
[2023.01.08-16.11.50:081][  0]LogInit: Setting process to per monitor DPI aware
[2023.01.08-16.11.50:106][  0]LogWindowsTextInputMethodSystem: Display: IME system deactivated.
[2023.01.08-16.11.50:169][  0]LogSlate: New Slate User Created.  User Index 0, Is Virtual User: 0
[2023.01.08-16.11.50:169][  0]LogSlate: Slate User Registered.  User Index 0, Is Virtual User: 0
[2023.01.08-16.11.52:105][  0]LogD3D11RHI: Loaded GFSDK_Aftermath_Lib.x64.dll
[2023.01.08-16.11.52:115][  0]LogHMD: Failed to initialize OpenVR with code 110
[2023.01.08-16.11.52:115][  0]LogD3D11RHI: D3D11 min allowed feature level: 11_0
[2023.01.08-16.11.52:115][  0]LogD3D11RHI: D3D11 max allowed feature level: 11_0
[2023.01.08-16.11.52:115][  0]LogD3D11RHI: D3D11 adapters:
[2023.01.08-16.11.52:228][  0]LogD3D11RHI:    0. 'NVIDIA GeForce RTX 3070' (Feature Level 11_0)
[2023.01.08-16.11.52:228][  0]LogD3D11RHI:       8031/0/8147 MB DedicatedVideo/DedicatedSystem/SharedSystem, Outputs:1, VendorId:0x10de
[2023.01.08-16.11.52:235][  0]LogD3D11RHI:    1. 'Microsoft Basic Render Driver' (Feature Level 11_0)
[2023.01.08-16.11.52:235][  0]LogD3D11RHI:       0/0/8147 MB DedicatedVideo/DedicatedSystem/SharedSystem, Outputs:0, VendorId:0x1414
[2023.01.08-16.11.52:235][  0]LogD3D11RHI: Chosen D3D11 Adapter:
[2023.01.08-16.11.52:235][  0]LogD3D11RHI:     Description : NVIDIA GeForce RTX 3070
[2023.01.08-16.11.52:235][  0]LogD3D11RHI:     VendorId    : 10de
[2023.01.08-16.11.52:235][  0]LogD3D11RHI:     DeviceId    : 2484
[2023.01.08-16.11.52:235][  0]LogD3D11RHI:     SubSysId    : 146b10de
[2023.01.08-16.11.52:235][  0]LogD3D11RHI:     Revision    : 00a1
[2023.01.08-16.11.52:235][  0]LogD3D11RHI:     DedicatedVideoMemory : 8421113856 bytes
[2023.01.08-16.11.52:235][  0]LogD3D11RHI:     DedicatedSystemMemory : 0 bytes
[2023.01.08-16.11.52:235][  0]LogD3D11RHI:     SharedSystemMemory : 8543033344 bytes
[2023.01.08-16.11.52:235][  0]LogD3D11RHI:     AdapterLuid : 0 44706
[2023.01.08-16.11.52:244][  0]LogD3D11RHI: Creating new Direct3DDevice
[2023.01.08-16.11.52:244][  0]LogD3D11RHI:     GPU DeviceId: 0x2484 (for the marketing name, search the web for "GPU Device Id")
[2023.01.08-16.11.52:244][  0]LogWindows: EnumDisplayDevices:
[2023.01.08-16.11.52:244][  0]LogWindows:    0. 'NVIDIA GeForce RTX 3070' (P:1 D:1)
[2023.01.08-16.11.52:245][  0]LogWindows:    1. 'NVIDIA GeForce RTX 3070' (P:0 D:0)
[2023.01.08-16.11.52:245][  0]LogWindows:    2. 'NVIDIA GeForce RTX 3070' (P:0 D:0)
[2023.01.08-16.11.52:245][  0]LogWindows:    3. 'NVIDIA GeForce RTX 3070' (P:0 D:0)
[2023.01.08-16.11.52:245][  0]LogWindows: DebugString: FoundDriverCount:4 
[2023.01.08-16.11.52:245][  0]LogD3D11RHI:     Adapter Name: NVIDIA GeForce RTX 3070
[2023.01.08-16.11.52:245][  0]LogD3D11RHI:   Driver Version: 528.02 (internal:31.0.15.2802, unified:528.02)
[2023.01.08-16.11.52:245][  0]LogD3D11RHI:      Driver Date: 12-22-2022
[2023.01.08-16.11.52:245][  0]LogRHI: Texture pool is 5621 MB (70% of 8031 MB)
[2023.01.08-16.11.52:245][  0]LogD3D11RHI: Creating D3DDevice using adapter:
[2023.01.08-16.11.52:245][  0]LogD3D11RHI:     Description : NVIDIA GeForce RTX 3070
[2023.01.08-16.11.52:246][  0]LogD3D11RHI:     VendorId    : 10de
[2023.01.08-16.11.52:246][  0]LogD3D11RHI:     DeviceId    : 2484
[2023.01.08-16.11.52:246][  0]LogD3D11RHI:     SubSysId    : 146b10de
[2023.01.08-16.11.52:246][  0]LogD3D11RHI:     Revision    : 00a1
[2023.01.08-16.11.52:246][  0]LogD3D11RHI:     DedicatedVideoMemory : 8421113856 bytes
[2023.01.08-16.11.52:246][  0]LogD3D11RHI:     DedicatedSystemMemory : 0 bytes
[2023.01.08-16.11.52:246][  0]LogD3D11RHI:     SharedSystemMemory : 8543033344 bytes
[2023.01.08-16.11.52:246][  0]LogD3D11RHI:     AdapterLuid : 0 44706
[2023.01.08-16.11.52:304][  0]LogD3D11RHI: RHI has support for 64 bit atomics
[2023.01.08-16.11.52:305][  0]LogD3D11RHI: Async texture creation enabled
[2023.01.08-16.11.52:305][  0]LogD3D11RHI: Array index from any shader is supported
[2023.01.08-16.11.52:306][  0]LogD3D11RHI: HDR output is supported on display 0 (NvId: 0x80061082).
[2023.01.08-16.11.52:348][  0]LogD3D11RHI: GPU Timing Frequency: 1000.000000 (Debug: 2 2)
[2023.01.08-16.11.52:383][  0]LogRHI: GeForceNow SDK initialized: 1
[2023.01.08-16.11.52:626][  0]LogTargetPlatformManager: Display: Loaded TargetPlatform 'AllDesktop'
[2023.01.08-16.11.52:648][  0]LogTargetPlatformManager: Display: Loaded TargetPlatform 'Android'
[2023.01.08-16.11.52:649][  0]LogTargetPlatformManager: Display: Loaded TargetPlatform 'Android_ASTC'
[2023.01.08-16.11.52:649][  0]LogTargetPlatformManager: Display: Loaded TargetPlatform 'Android_DXT'
[2023.01.08-16.11.52:649][  0]LogTargetPlatformManager: Display: Loaded TargetPlatform 'Android_ETC2'
[2023.01.08-16.11.52:649][  0]LogTargetPlatformManager: Display: Loaded TargetPlatform 'AndroidClient'
[2023.01.08-16.11.52:649][  0]LogTargetPlatformManager: Display: Loaded TargetPlatform 'Android_ASTCClient'
[2023.01.08-16.11.52:649][  0]LogTargetPlatformManager: Display: Loaded TargetPlatform 'Android_DXTClient'
[2023.01.08-16.11.52:649][  0]LogTargetPlatformManager: Display: Loaded TargetPlatform 'Android_ETC2Client'
[2023.01.08-16.11.52:649][  0]LogTargetPlatformManager: Display: Loaded TargetPlatform 'Android_Multi'
[2023.01.08-16.11.52:649][  0]LogTargetPlatformManager: Display: Loaded TargetPlatform 'Android_MultiClient'
[2023.01.08-16.11.52:681][  0]LogTargetPlatformManager: Display: Loaded TargetPlatform 'IOSClient'
[2023.01.08-16.11.52:681][  0]LogTargetPlatformManager: Display: Loaded TargetPlatform 'IOS'
[2023.01.08-16.11.52:699][  0]LogTargetPlatformManager: Display: Loaded TargetPlatform 'Linux'
[2023.01.08-16.11.52:708][  0]LogTargetPlatformManager: Display: Loaded TargetPlatform 'LinuxNoEditor'
[2023.01.08-16.11.52:716][  0]LogTargetPlatformManager: Display: Loaded TargetPlatform 'LinuxClient'
[2023.01.08-16.11.52:725][  0]LogTargetPlatformManager: Display: Loaded TargetPlatform 'LinuxServer'
[2023.01.08-16.11.52:740][  0]LogTargetPlatformManager: Display: Loaded TargetPlatform 'LinuxAArch64NoEditor'
[2023.01.08-16.11.52:748][  0]LogTargetPlatformManager: Display: Loaded TargetPlatform 'LinuxAArch64Client'
[2023.01.08-16.11.52:755][  0]LogTargetPlatformManager: Display: Loaded TargetPlatform 'LinuxAArch64Server'
[2023.01.08-16.11.52:780][  0]LogTargetPlatformManager: Display: Loaded TargetPlatform 'Lumin'
[2023.01.08-16.11.52:780][  0]LogTargetPlatformManager: Display: Loaded TargetPlatform 'LuminClient'
[2023.01.08-16.11.52:800][  0]LogTargetPlatformManager: Display: Loaded TargetPlatform 'MacNoEditor'
[2023.01.08-16.11.52:811][  0]LogTargetPlatformManager: Display: Loaded TargetPlatform 'Mac'
[2023.01.08-16.11.52:821][  0]LogTargetPlatformManager: Display: Loaded TargetPlatform 'MacClient'
[2023.01.08-16.11.52:831][  0]LogTargetPlatformManager: Display: Loaded TargetPlatform 'MacServer'
[2023.01.08-16.11.52:844][  0]LogTargetPlatformManager: Display: Loaded TargetPlatform 'TVOSClient'
[2023.01.08-16.11.52:844][  0]LogTargetPlatformManager: Display: Loaded TargetPlatform 'TVOS'
[2023.01.08-16.11.52:858][  0]LogTargetPlatformManager: Display: Loaded TargetPlatform 'WindowsNoEditor'
[2023.01.08-16.11.52:869][  0]LogTargetPlatformManager: Display: Loaded TargetPlatform 'Windows'
[2023.01.08-16.11.52:879][  0]LogTargetPlatformManager: Display: Loaded TargetPlatform 'WindowsClient'
[2023.01.08-16.11.52:889][  0]LogTargetPlatformManager: Display: Loaded TargetPlatform 'WindowsServer'
[2023.01.08-16.11.52:889][  0]LogTargetPlatformManager: Display: Building Assets For Windows
[2023.01.08-16.11.52:914][  0]LogAudioDebug: Display: Lib vorbis DLL was dynamically loaded.
[2023.01.08-16.11.53:013][  0]LogTextureFormatOodle: Display: Oodle Texture 2.9.0 init RDO Off
[2023.01.08-16.11.53:115][  0]LogRendererCore: Ray tracing is disabled. Reason: r.RayTracing=0.
[2023.01.08-16.11.53:115][  0]LogShaderCompilers: Guid format shader working directory is -6 characters bigger than the processId version (../../../../../MyProject/MakeVehicle_UE4.27/Vehicle/Intermediate/Shaders/WorkingDirectory/16256/).
[2023.01.08-16.11.53:115][  0]LogShaderCompilers: Cleaned the shader compiler working directory 'C:/Users/gyu37/AppData/Local/Temp/UnrealShaderWorkingDir/7772A8B14417F4AA84AC63A64D2DA88A/'.
[2023.01.08-16.11.53:115][  0]LogXGEController: Cannot use XGE Controller as Incredibuild is not installed on this machine.
[2023.01.08-16.11.53:115][  0]LogShaderCompilers: Cannot use XGE Shader Compiler as Incredibuild is not installed on this machine.
[2023.01.08-16.11.53:116][  0]LogShaderCompilers: Display: Using Local Shader Compiler.
[2023.01.08-16.11.55:362][  0]LogDerivedDataCache: Display: Max Cache Size: 512 MB
[2023.01.08-16.11.55:528][  0]LogDerivedDataCache: Loaded boot cache 0.17s 94MB C:/Users/gyu37/AppData/Local/UnrealEngine/4.27/DerivedDataCache/Boot.ddc.
[2023.01.08-16.11.55:528][  0]LogDerivedDataCache: Display: Loaded Boot cache: C:/Users/gyu37/AppData/Local/UnrealEngine/4.27/DerivedDataCache/Boot.ddc
[2023.01.08-16.11.55:530][  0]LogDerivedDataCache: FDerivedDataBackendGraph:  Pak pak cache file ../../../../../MyProject/MakeVehicle_UE4.27/Vehicle/DerivedDataCache/DDC.ddp not found, will not use a pak cache.
[2023.01.08-16.11.55:530][  0]LogDerivedDataCache: Unable to find inner node Pak for hierarchical cache Hierarchy.
[2023.01.08-16.11.55:530][  0]LogDerivedDataCache: FDerivedDataBackendGraph:  CompressedPak pak cache file ../../../../../MyProject/MakeVehicle_UE4.27/Vehicle/DerivedDataCache/Compressed.ddp not found, will not use a pak cache.
[2023.01.08-16.11.55:530][  0]LogDerivedDataCache: Unable to find inner node CompressedPak for hierarchical cache Hierarchy.
[2023.01.08-16.11.55:545][  0]LogDerivedDataCache: Display: Pak cache opened for reading ../../../Engine/DerivedDataCache/Compressed.ddp.
[2023.01.08-16.11.55:545][  0]LogDerivedDataCache: FDerivedDataBackendGraph:  EnterprisePak pak cache file ../../../Enterprise/DerivedDataCache/Compressed.ddp not found, will not use a pak cache.
[2023.01.08-16.11.55:545][  0]LogDerivedDataCache: Unable to find inner node EnterprisePak for hierarchical cache Hierarchy.
[2023.01.08-16.11.55:580][  0]LogDerivedDataCache: Speed tests for C:/Users/gyu37/AppData/Local/UnrealEngine/Common/DerivedDataCache took 0.03 seconds
[2023.01.08-16.11.55:580][  0]LogDerivedDataCache: Display: Performance to C:/Users/gyu37/AppData/Local/UnrealEngine/Common/DerivedDataCache: Latency=0.07ms. RandomReadSpeed=31.46MBs, RandomWriteSpeed=232.60MBs. Assigned SpeedClass 'Local'
[2023.01.08-16.11.55:582][  0]LogDerivedDataCache: Using Local data cache path C:/Users/gyu37/AppData/Local/UnrealEngine/Common/DerivedDataCache: Writable
[2023.01.08-16.11.55:582][  0]LogDerivedDataCache: Shared data cache path not found in *engine.ini, will not use an Shared cache.
[2023.01.08-16.11.55:582][  0]LogDerivedDataCache: Unable to find inner node Shared for hierarchical cache Hierarchy.
[2023.01.08-16.11.55:617][  0]LogSlate: Using FreeType 2.10.0
[2023.01.08-16.11.55:625][  0]LogSlate: SlateFontServices - WITH_FREETYPE: 1, WITH_HARFBUZZ: 1
[2023.01.08-16.11.55:656][  0]LogAssetRegistry: FAssetRegistry took 0.0037 seconds to start up
[2023.01.08-16.11.55:847][  0]LogInit: Selected Device Profile: [Windows]
[2023.01.08-16.11.55:847][  0]LogInit: Active device profile: [00000265FAAA2E00][00000265FA867A00 49] Windows
[2023.01.08-16.11.55:847][  0]LogInit: Profiles: [00000265FAAA2E00][00000265FA867A00 49] Windows, [00000265FA971400][00000265FA86FB80 49] WindowsNoEditor, [00000265FAAA1000][00000265FA872180 49] WindowsServer, [00000265FA973400][00000265FA876300 49] WindowsClient, [00000265FAAA0A00][00000265FA87A480 49] IOS, [00000265FA971B00][00000265FA86A5C0 49] iPadAir, [00000265FA957F00][00000265FA87E700 49] iPadAir2, [00000265FA90CB00][00000265FA886940 49] IPadPro, [00000265FA90CC00][00000265FA882980 49] iPadAir3, [00000265FAAA1300][00000265FA88EB00 49] iPadAir4, [00000265FA90EC00][00000265FA892C80 49] iPadMini2, [00000265FA954100][00000265FA896E00 49] iPadMini3, [00000265FAAA0F00][00000265FA89AF80 49] iPadMini4, [00000265FA90C600][00000265FA89F100 49] iPadMini5, [00000265FA973000][00000265FA8A73C0 49] iPhone6, [00000265FA972A00][00000265FA8A3400 49] iPodTouch6, [00000265FAAA3900][00000265FA8AF6C0 49] iPhone7, [00000265FAAA1C00][00000265FA8AB700 49] iPodTouch7, [00000265FA972600][00000265FA8B3880 49] iPhone5S, [00000265FA957E00][00000265FA8B7A00 49] iPhone6Plus, [00000265FA972400][00000265FA8BBB80 49] iPhone6S, [00000265FA956600][00000265FA8BE180 49] iPhone6SPlus, [00000265FA972B00][00000265FA8C2300 49] iPhone7Plus, [00000265FA955500][00000265FA8C6480 49] iPhoneSE, [00000265FAAA1A00][00000265FA8CA600 49] iPhone8, [00000265FA956F00][00000265FA88A740 49] iPhone8Plus, [00000265FAAA2900][00000265FA8CE880 49] iPhoneX, [00000265FA957D00][00000265FA8D29C0 49] iPhoneXS, [00000265FAAA1800][00000265FA8D6B00 49] iPhoneXSMax, [00000265FA956A00][00000265FA8DEC80 49] iPhoneXR, [00000265FAAA1500][00000265FA8E2E00 49] iPhone11, [00000265FA956200][00000265FA8E6F80 49] iPhone11Pro, [00000265FAAA0700][00000265FA8EB100 49] iPhone11ProMax, [00000265FA955B00][00000265FBA11280 49] iPhoneSE2, [00000265FAAA3200][00000265FBA15400 49] iPhone12Mini, [00000265FA955300][00000265FBA19580 49] iPhone12, [00000265FAAA2000][00000265FBA1D700 49] iPhone12Pro, [00000265FA954D00][00000265FBA21880 49] iPhone12ProMax, [00000265FAAA2800][00000265FBA25A00 49] iPadPro105, [00000265FA957100][00000265FBA29B80 49] iPadPro129, [00000265FAAA1100][00000265FBA2C180 49] iPadPro97, [00000265FA954700][00000265FBA30300 49] iPadPro2_129, [00000265FAAA2A00][00000265FBA34480 49] iPad5, [00000265FA955400][00000265FBA38600 49] iPad6, [00000265FAAA1600][00000265FBA3C780 49] iPad7, [00000265FA956B00][00000265FBA40900 49] iPad8, [00000265FAAA2C00][00000265FA8DAA40 49] iPadPro11, [00000265FA954800][00000265FBA44B80 49] iPadPro2_11, [00000265FAAA2400][00000265FBA48CC0 49] iPadPro3_129, [00000265FA957600][00000265FBA50E40 49] iPadPro4_129, [00000265FAAA3600][00000265FBA54FC0 49] AppleTV, [00000265FA955700][00000265FBA59140 49] AppleTV4K, [00000265FAAA3300][00000265FBA5D2C0 49] TVOS, [00000265FA957A00][00000265FBA61440 49] Mac, [00000265FAAA3500][00000265FBA655C0 49] MacClient, [00000265FA955C00][00000265FBA69740 49] MacNoEditor, [00000265FAAA1400][00000265FBA6D8C0 49] MacServer, [00000265FA954600][00000265FBA71A40 49] Linux, [00000265FAAA0D00][00000265FBA75BC0 49] LinuxAArch64, [00000265FA956900][00000265FBA781C0 49] LinuxNoEditor, [00000265FAAA0C00][00000265FBA7C340 49] LinuxAArch64NoEditor, [00000265FA957C00][00000265FBA804C0 49] LinuxClient, [00000265FAAA2300][00000265FBA84640 49] LinuxAArch64Client, [00000265FA955100][00000265FBA887C0 49] LinuxServer, [00000265FAAA2600][00000265FBA8C940 49] LinuxAArch64Server, [00000265FA956000][00000265FBA90AC0 49] Android, [00000265FAAA1E00][00000265FBA4CC00 49] Android_Low, [00000265FA90EE00][00000265FBA94D40 49] Android_Mid, [00000265FA970400][00000265FBA98E80 49] Android_High, [00000265FA90F200][00000265FBA9CFC0 49] Android_Default, [00000265FA973500][00000265FBAA5140 49] Android_Adreno4xx, [00000265FA90E600][00000265FBAA92C0 49] Android_Adreno5xx_Low, [00000265FA973700][00000265FBAAD440 49] Android_Adreno5xx, [00000265FA90C200][00000265FBAB15C0 49] Android_Adreno6xx, [00000265FA971700][00000265FBAB5740 49] Android_Adreno6xx_Vulkan, [00000265FA90C300][00000265FBAB98C0 49] Android_Mali_T6xx, [00000265FA972E00][00000265FBABDA40 49] Android_Mali_T7xx, [00000265FA90F600][00000265FBAC1BC0 49] Android_Mali_T8xx, [00000265FA971200][00000265FBAC41C0 49] Android_Mali_G71, [00000265FA90D200][00000265FBAC8340 49] Android_Mali_G72, [00000265FA970800][00000265FBACC4C0 49] Android_Mali_G72_Vulkan, [00000265FA90D000][00000265FBAD0640 49] Android_Mali_G76, [00000265FA970100][00000265FBAD47C0 49] Android_Mali_G76_Vulkan, [00000265FA90FC00][00000265FBAD8940 49] Android_Mali_G77, [00000265FA970300][00000265FBADCAC0 49] Android_Mali_G77_Vulkan, [00000265FA90FD00][00000265FBAE0C40 49] Android_Mali_G78, [00000265FA972900][00000265FBAA0D80 49] Android_Mali_G78_Vulkan, [00000265FA90DE00][00000265FBAE4EC0 49] Android_Mali_G710, [00000265FA971100][00000265FBAE9000 49] Android_Mali_G710_Vulkan, [00000265FA90F100][00000265FBAED140 49] Android_Vulkan_SM5, [00000265FA971F00][00000265FBAF52C0 49] Android_PowerVR_G6xxx, [00000265FA90CF00][00000265FBAF9440 49] Android_PowerVR_GT7xxx, [00000265FA972F00][00000265FBAFD5C0 49] Android_PowerVR_GE8xxx, [00000265FA90F500][00000265FBB01740 49] Android_PowerVR_GM9xxx, [00000265FA971600][00000265FBB058C0 49] Android_PowerVR_GM9xxx_Vulkan, [00000265FA90E200][00000265FBB09A40 49] Android_TegraK1, [00000265FA970B00][00000265FBB0DBC0 49] Android_Unknown_Vulkan, [00000265FA90F400][00000265FBB101C0 49] Lumin, [00000265FA972D00][00000265FBB14340 49] Lumin_Desktop, [00000265FA90DC00][00000265FBB184C0 49] HoloLens, 
[2023.01.08-16.11.56:034][  0]LogMeshReduction: Using QuadricMeshReduction for automatic static mesh reduction
[2023.01.08-16.11.56:034][  0]LogMeshReduction: Using SimplygonMeshReduction for automatic skeletal mesh reduction
[2023.01.08-16.11.56:034][  0]LogMeshReduction: Using ProxyLODMeshReduction for automatic mesh merging
[2023.01.08-16.11.56:034][  0]LogMeshReduction: No distributed automatic mesh merging module available
[2023.01.08-16.11.56:034][  0]LogMeshMerging: No distributed automatic mesh merging module available
[2023.01.08-16.11.56:054][  0]LogNetVersion: Vehicle 1.0.0, NetCL: 17155196, EngineNetVer: 17, GameNetVer: 0 (Checksum: 3874502261)
[2023.01.08-16.11.56:422][  0]LogTexture: Default maximum texture size for cubemaps generated from long-lat sources has been changed from 512 to unlimited. In order to preserve old behaiour for '/Engine/MapTemplates/Sky/DaylightAmbientCubemap.DaylightAmbientCubemap', its maximum texture size has been explicitly set to 512.
[2023.01.08-16.11.56:475][  0]LogHMD: PokeAHoleMaterial loaded successfully
[2023.01.08-16.11.56:481][  0]LogUObjectArray: 17178 objects as part of root set at end of initial load.
[2023.01.08-16.11.56:481][  0]LogUObjectAllocator: 4302048 out of 0 bytes used by permanent object pool.
[2023.01.08-16.11.56:481][  0]LogUObjectArray: CloseDisregardForGC: 0/0 objects in disregard for GC pool
[2023.01.08-16.11.57:197][  0]LogNiagaraDebuggerClient: Niagara Debugger Client Initialized | Session: 60E7D94D4ABBF01C5D41F381362B45EA | Instance: FFB697E04EFE6BCA694990BC5C57ED2D (DESKTOP-B2E855P-16256).
[2023.01.08-16.11.57:723][  0]LogTcpMessaging: Initializing TcpMessaging bridge
[2023.01.08-16.11.57:733][  0]LogUdpMessaging: Initializing bridge on interface 0.0.0.0:0 to multicast group 230.0.0.1:6666.
[2023.01.08-16.11.57:892][  0]LogPython: Using Python 3.7.7
[2023.01.08-16.11.58:812][  0]SourceControl: 소스 컨트롤이 꺼졌습니다.
[2023.01.08-16.11.58:812][  0]SourceControl: 소스 컨트롤이 꺼졌습니다.
[2023.01.08-16.11.58:822][  0]SourceControl: 소스 컨트롤이 꺼졌습니다.
[2023.01.08-16.11.58:846][  0]SourceControl: 소스 컨트롤이 꺼졌습니다.
[2023.01.08-16.11.58:871][  0]LogUProjectInfo: Found projects:
[2023.01.08-16.11.59:142][  0]SourceControl: 소스 컨트롤이 꺼졌습니다.
[2023.01.08-16.11.59:188][  0]LogAndroidPermission: UAndroidPermissionCallbackProxy::GetInstance
[2023.01.08-16.11.59:258][  0]LogAudioCaptureCore: Display: No Audio Capture implementations found. Audio input will be silent.
[2023.01.08-16.11.59:258][  0]LogAudioCaptureCore: Display: No Audio Capture implementations found. Audio input will be silent.
[2023.01.08-16.11.59:871][  0]LogOpenImageDenoise: OIDN starting up
[2023.01.08-16.11.59:950][  0]LogCollectionManager: Loaded 0 collections in 0.002019 seconds
[2023.01.08-16.12.00:012][  0]LogFileCache: Scanning file cache for directory 'C:/Unreal/MyProject/MakeVehicle_UE4.27/Vehicle/Saved/Collections/' took 0.00s
[2023.01.08-16.12.00:012][  0]LogFileCache: Scanning file cache for directory 'C:/Unreal/MyProject/MakeVehicle_UE4.27/Vehicle/Content/Developers/gyu37/Collections/' took 0.00s
[2023.01.08-16.12.00:012][  0]LogFileCache: Scanning file cache for directory 'C:/Unreal/MyProject/MakeVehicle_UE4.27/Vehicle/Content/Collections/' took 0.00s
[2023.01.08-16.12.00:012][  0]LogOcInput: OculusInput pre-init called
[2023.01.08-16.12.00:337][  0]LogEngine: Initializing Engine...
[2023.01.08-16.12.00:340][  0]LogHMD: Failed to enumerate extensions. Please check that you have a valid OpenXR runtime installed.
[2023.01.08-16.12.00:340][  0]LogHMD: Failed to initialize OpenVR with code 110
[2023.01.08-16.12.00:340][  0]LogMagicLeap: Warning: VR disabled because ZI is not enabled.  To enable, in the editor, Edit -> Project Settings -> Plugins -> Magic Leap Plugin -> Enable Zero Iteration
[2023.01.08-16.12.00:341][  0]LogStats: UGameplayTagsManager::InitializeManager -  0.000 s
[2023.01.08-16.12.00:469][  0]LogInit: Initializing FReadOnlyCVARCache
[2023.01.08-16.12.00:484][  0]LogAIModule: Creating AISystem for world Untitled
[2023.01.08-16.12.00:485][  0]LogAudio: Display: Initializing Audio Device Manager...
[2023.01.08-16.12.00:499][  0]LogAudio: Display: Loading Default Audio Settings Objects...
[2023.01.08-16.12.00:499][  0]LogAudio: Display: No default SoundConcurrencyObject specified (or failed to load).
[2023.01.08-16.12.00:500][  0]LogAudio: Display: Audio Device Manager Initialized
[2023.01.08-16.12.00:500][  0]LogAudio: Display: Creating Audio Device:                 Id: 1, Scope: Shared, Realtime: True
[2023.01.08-16.12.00:500][  0]LogAudioMixer: Display: Audio Mixer Platform Settings:
[2023.01.08-16.12.00:500][  0]LogAudioMixer: Display: 	Sample Rate:						  48000
[2023.01.08-16.12.00:500][  0]LogAudioMixer: Display: 	Callback Buffer Frame Size Requested: 1024
[2023.01.08-16.12.00:500][  0]LogAudioMixer: Display: 	Callback Buffer Frame Size To Use:	  1024
[2023.01.08-16.12.00:500][  0]LogAudioMixer: Display: 	Number of buffers to queue:			  2
[2023.01.08-16.12.00:500][  0]LogAudioMixer: Display: 	Max Channels (voices):				  32
[2023.01.08-16.12.00:500][  0]LogAudioMixer: Display: 	Number of Async Source Workers:		  0
[2023.01.08-16.12.00:500][  0]LogAudio: Display: AudioDevice MaxSources: 32
[2023.01.08-16.12.00:501][  0]LogAudio: Display: Audio Spatialization Plugin: None (built-in).
[2023.01.08-16.12.00:501][  0]LogAudio: Display: Audio Reverb Plugin: None (built-in).
[2023.01.08-16.12.00:501][  0]LogAudio: Display: Audio Occlusion Plugin: None (built-in).
[2023.01.08-16.12.00:501][  0]LogAudioMixer: Display: Initializing audio mixer.
[2023.01.08-16.12.00:514][  0]LogAudioMixer: Display: 0: FrontLeft
[2023.01.08-16.12.00:514][  0]LogAudioMixer: Display: 1: FrontRight
[2023.01.08-16.12.00:528][  0]LogAudioMixer: Display: Using Audio Device 스피커(USBZH5K-ENC)
[2023.01.08-16.12.00:532][  0]LogAudioMixer: Display: Initializing Sound Submixes...
[2023.01.08-16.12.00:535][  0]LogAudioMixer: Display: Creating Master Submix 'MasterSubmixDefault'
[2023.01.08-16.12.00:535][  0]LogAudioMixer: Display: Creating Master Submix 'MasterReverbSubmixDefault'
[2023.01.08-16.12.00:535][  0]LogAudioMixer: Display: Creating Master Submix 'MasterEQSubmixDefault'
[2023.01.08-16.12.00:536][  0]LogAudioMixer: FMixerPlatformXAudio2::StartAudioStream() called
[2023.01.08-16.12.00:536][  0]LogAudioMixer: Display: Output buffers initialized: Frames=1024, Channels=2, Samples=2048
[2023.01.08-16.12.00:537][  0]LogAudioMixer: Display: Starting AudioMixerPlatformInterface::RunInternal()
[2023.01.08-16.12.00:537][  0]LogAudioMixer: Display: FMixerPlatformXAudio2::SubmitBuffer() called for the first time
[2023.01.08-16.12.00:537][  0]LogInit: FAudioDevice initialized.
[2023.01.08-16.12.00:537][  0]LogAudio: Display: Audio Device (ID: 1) registered with world 'Untitled'.
[2023.01.08-16.12.00:537][  0]LogNetVersion: Set ProjectVersion to 1.0.0.0. Version Checksum will be recalculated on next use.
[2023.01.08-16.12.00:574][  0]LogDerivedDataCache: Saved boot cache 0.04s 94MB C:/Users/gyu37/AppData/Local/UnrealEngine/4.27/DerivedDataCache/Boot.ddc.
[2023.01.08-16.12.00:575][  0]LogInit: Texture streaming: Enabled
[2023.01.08-16.12.00:605][  0]LogAnalytics: Display: [UEEditor.Rocket.Release] APIServer = https://datarouter.ol.epicgames.com/. AppVersion = 4.27.2-18319896+++UE4+Release-4.27
[2023.01.08-16.12.00:615][  0]LogEngineSessionManager: EngineSessionManager initialized
[2023.01.08-16.12.00:615][  0]LogEditorSessionSummary: Verbose: Initializing EditorSessionSummaryWriter for editor session tracking
[2023.01.08-16.12.00:616][  0]LogEditorSessionSummary: EditorSessionSummaryWriter initialized
[2023.01.08-16.12.00:649][  0]LogInit: Transaction tracking system initialized
[2023.01.08-16.12.00:717][  0]BlueprintLog: New page: 에디터 로드
[2023.01.08-16.12.00:910][  0]LocalizationService: 현지화 서비스가 비활성화되었습니다.
[2023.01.08-16.12.00:988][  0]TimingProfiler: Initialize
[2023.01.08-16.12.00:988][  0]TimingProfiler: OnSessionChanged
[2023.01.08-16.12.00:988][  0]LoadingProfiler: Initialize
[2023.01.08-16.12.00:989][  0]LoadingProfiler: OnSessionChanged
[2023.01.08-16.12.00:989][  0]NetworkingProfiler: Initialize
[2023.01.08-16.12.00:989][  0]NetworkingProfiler: OnSessionChanged
[2023.01.08-16.12.00:989][  0]MemoryProfiler: Initialize
[2023.01.08-16.12.00:989][  0]MemoryProfiler: OnSessionChanged
[2023.01.08-16.12.01:221][  0]LogCook: Display: CookSettings for Memory: MemoryMaxUsedVirtual 0MiB, MemoryMaxUsedPhysical 16384MiB, MemoryMinFreeVirtual 0MiB, MemoryMinFreePhysical 1024MiB
[2023.01.08-16.12.01:221][  0]LogCook: Display: Mobile HDR setting 1
[2023.01.08-16.12.01:593][  0]LogFileCache: Scanning file cache for directory 'C:/Unreal/MyProject/MakeVehicle_UE4.27/Vehicle/Content/' took 0.02s
[2023.01.08-16.12.01:929][  0]LogInit: Display: Engine is initialized. Leaving FEngineLoop::Init()
[2023.01.08-16.12.01:932][  0]SourceControl: 소스 컨트롤이 꺼졌습니다.
[2023.01.08-16.12.01:932][  0]LogUnrealEdMisc: Loading editor; pre map load, took 14.233
[2023.01.08-16.12.01:932][  0]Cmd: MAP LOAD FILE="../../../../../MyProject/MakeVehicle_UE4.27/Vehicle/Content/StarterContent/Maps/Minimal_Default.umap" TEMPLATE=0 SHOWPROGRESS=1 FEATURELEVEL=3
[2023.01.08-16.12.01:933][  0]LightingResults: New page: 라이팅 빌드
[2023.01.08-16.12.01:934][  0]LogWorld: UWorld::CleanupWorld for Untitled, bSessionEnded=true, bCleanupResources=true
[2023.01.08-16.12.01:934][  0]LogSlate: InvalidateAllWidgets triggered.  All widgets were invalidated
[2023.01.08-16.12.01:934][  0]MapCheck: New page: 맵 체크
[2023.01.08-16.12.01:934][  0]LightingResults: New page: 라이팅 빌드
[2023.01.08-16.12.01:938][  0]LogAudio: Display: Audio Device unregistered from world 'None'.
[2023.01.08-16.12.01:941][  0]LogUObjectHash: Compacting FUObjectHashTables data took   0.64ms
[2023.01.08-16.12.02:049][  0]LogTexture: Display: 텍스처 빌드: DeprecatedTextureD6C57B644F03DADF4F2699848FAEA3C3 (BGRA8, 128X128)
[2023.01.08-16.12.02:052][  0]LogTexture: Display: 텍스처 빌드: DeprecatedTexture8D91C9AE4C6B8D628CDA3C848426284A (BGRA8, 128X128)
[2023.01.08-16.12.02:069][  0]LogAudio: Display: Audio Device (ID: 1) registered with world 'Minimal_Default'.
[2023.01.08-16.12.02:070][  0]LogAIModule: Creating AISystem for world Minimal_Default
[2023.01.08-16.12.02:078][  0]LogEditorServer: Finished looking for orphan Actors (0.000 secs)
[2023.01.08-16.12.02:083][  0]LogUObjectHash: Compacting FUObjectHashTables data took   0.64ms
[2023.01.08-16.12.02:083][  0]Cmd: MAP CHECKDEP NOCLEARLOG
[2023.01.08-16.12.02:083][  0]MapCheck: 맵 체크 완료: 오류 0 회, 경고 0 회, 소요 시간 0.083ms.
[2023.01.08-16.12.02:083][  0]LogFileHelpers: Loading map 'Minimal_Default' took 0.151
[2023.01.08-16.12.02:085][  0]LogUnrealEdMisc: Total Editor Startup Time, took 14.385
[2023.01.08-16.12.02:195][  0]LogSlate: Updating window title bar state: overlay mode, drag disabled, window buttons hidden, title bar hidden
[2023.01.08-16.12.02:200][  0]LogSlate: Updating window title bar state: overlay mode, drag disabled, window buttons hidden, title bar hidden
[2023.01.08-16.12.02:205][  0]LogSlate: Updating window title bar state: overlay mode, drag disabled, window buttons hidden, title bar hidden
[2023.01.08-16.12.02:209][  0]LogSlate: Updating window title bar state: overlay mode, drag disabled, window buttons hidden, title bar hidden
[2023.01.08-16.12.02:225][  0]LogNativeClassHierarchy: Verbose: Native class hierarchy populated in 0.0084 seconds. Added 3825 classes and 933 folders.
[2023.01.08-16.12.02:228][  0]LogNativeClassHierarchy: Verbose: Native class hierarchy updated for 'WidgetCarousel' in 0.0002 seconds. Added 0 classes and 0 folders.
[2023.01.08-16.12.02:235][  0]LogPakFile: PakFile PrimaryIndexSize=187
[2023.01.08-16.12.02:235][  0]LogPakFile: PakFile PathHashIndexSize=101
[2023.01.08-16.12.02:235][  0]LogPakFile: PakFile FullDirectoryIndexSize=148
[2023.01.08-16.12.02:235][  0]LogShaderLibrary: Display: ShaderCodeLibraryPakFileMountedCallback: PakFile 'C:/Unreal/Engine/UE_4.27/FeaturePacks/FP_FirstPerson.upack' (chunk index -1, root 'root:/') mounted
[2023.01.08-16.12.02:235][  0]LogShaderLibrary: Display: ShaderCodeLibraryPakFileMountedCallback: pending pak file info (ChunkID:-1 Root:root:/ File:C:/Unreal/Engine/UE_4.27/FeaturePacks/FP_FirstPerson.upack)
[2023.01.08-16.12.02:235][  0]LogPakFile: OnPakFileMounted2Time == 0.000165
[2023.01.08-16.12.02:241][  0]LogPakFile: PakFile PrimaryIndexSize=189
[2023.01.08-16.12.02:241][  0]LogPakFile: PakFile PathHashIndexSize=101
[2023.01.08-16.12.02:242][  0]LogPakFile: PakFile FullDirectoryIndexSize=152
[2023.01.08-16.12.02:242][  0]LogShaderLibrary: Display: ShaderCodeLibraryPakFileMountedCallback: PakFile 'C:/Unreal/Engine/UE_4.27/FeaturePacks/FP_FirstPersonBP.upack' (chunk index -1, root 'root:/') mounted
[2023.01.08-16.12.02:242][  0]LogShaderLibrary: Display: ShaderCodeLibraryPakFileMountedCallback: pending pak file info (ChunkID:-1 Root:root:/ File:C:/Unreal/Engine/UE_4.27/FeaturePacks/FP_FirstPersonBP.upack)
[2023.01.08-16.12.02:242][  0]LogPakFile: OnPakFileMounted2Time == 0.000159
[2023.01.08-16.12.02:246][  0]LogPakFile: PakFile PrimaryIndexSize=191
[2023.01.08-16.12.02:246][  0]LogPakFile: PakFile PathHashIndexSize=101
[2023.01.08-16.12.02:246][  0]LogPakFile: PakFile FullDirectoryIndexSize=160
[2023.01.08-16.12.02:246][  0]LogShaderLibrary: Display: ShaderCodeLibraryPakFileMountedCallback: PakFile 'C:/Unreal/Engine/UE_4.27/FeaturePacks/MobileStarterContent.upack' (chunk index -1, root 'root:/') mounted
[2023.01.08-16.12.02:246][  0]LogShaderLibrary: Display: ShaderCodeLibraryPakFileMountedCallback: pending pak file info (ChunkID:-1 Root:root:/ File:C:/Unreal/Engine/UE_4.27/FeaturePacks/MobileStarterContent.upack)
[2023.01.08-16.12.02:246][  0]LogPakFile: OnPakFileMounted2Time == 0.000166
[2023.01.08-16.12.02:251][  0]LogPakFile: PakFile PrimaryIndexSize=185
[2023.01.08-16.12.02:251][  0]LogPakFile: PakFile PathHashIndexSize=101
[2023.01.08-16.12.02:251][  0]LogPakFile: PakFile FullDirectoryIndexSize=148
[2023.01.08-16.12.02:251][  0]LogShaderLibrary: Display: ShaderCodeLibraryPakFileMountedCallback: PakFile 'C:/Unreal/Engine/UE_4.27/FeaturePacks/StarterContent.upack' (chunk index -1, root 'root:/') mounted
[2023.01.08-16.12.02:252][  0]LogShaderLibrary: Display: ShaderCodeLibraryPakFileMountedCallback: pending pak file info (ChunkID:-1 Root:root:/ File:C:/Unreal/Engine/UE_4.27/FeaturePacks/StarterContent.upack)
[2023.01.08-16.12.02:252][  0]LogPakFile: OnPakFileMounted2Time == 0.000174
[2023.01.08-16.12.02:256][  0]LogPakFile: PakFile PrimaryIndexSize=190
[2023.01.08-16.12.02:256][  0]LogPakFile: PakFile PathHashIndexSize=101
[2023.01.08-16.12.02:256][  0]LogPakFile: PakFile FullDirectoryIndexSize=154
[2023.01.08-16.12.02:256][  0]LogShaderLibrary: Display: ShaderCodeLibraryPakFileMountedCallback: PakFile 'C:/Unreal/Engine/UE_4.27/FeaturePacks/TP_2DSideScroller.upack' (chunk index -1, root 'root:/') mounted
[2023.01.08-16.12.02:256][  0]LogShaderLibrary: Display: ShaderCodeLibraryPakFileMountedCallback: pending pak file info (ChunkID:-1 Root:root:/ File:C:/Unreal/Engine/UE_4.27/FeaturePacks/TP_2DSideScroller.upack)
[2023.01.08-16.12.02:256][  0]LogPakFile: OnPakFileMounted2Time == 0.000156
[2023.01.08-16.12.02:260][  0]LogPakFile: PakFile PrimaryIndexSize=192
[2023.01.08-16.12.02:260][  0]LogPakFile: PakFile PathHashIndexSize=101
[2023.01.08-16.12.02:260][  0]LogPakFile: PakFile FullDirectoryIndexSize=158
[2023.01.08-16.12.02:260][  0]LogShaderLibrary: Display: ShaderCodeLibraryPakFileMountedCallback: PakFile 'C:/Unreal/Engine/UE_4.27/FeaturePacks/TP_2DSideScrollerBP.upack' (chunk index -1, root 'root:/') mounted
[2023.01.08-16.12.02:260][  0]LogShaderLibrary: Display: ShaderCodeLibraryPakFileMountedCallback: pending pak file info (ChunkID:-1 Root:root:/ File:C:/Unreal/Engine/UE_4.27/FeaturePacks/TP_2DSideScrollerBP.upack)
[2023.01.08-16.12.02:260][  0]LogPakFile: OnPakFileMounted2Time == 0.000156
[2023.01.08-16.12.02:264][  0]LogPakFile: PakFile PrimaryIndexSize=182
[2023.01.08-16.12.02:264][  0]LogPakFile: PakFile PathHashIndexSize=101
[2023.01.08-16.12.02:264][  0]LogPakFile: PakFile FullDirectoryIndexSize=138
[2023.01.08-16.12.02:264][  0]LogShaderLibrary: Display: ShaderCodeLibraryPakFileMountedCallback: PakFile 'C:/Unreal/Engine/UE_4.27/FeaturePacks/TP_Flying.upack' (chunk index -1, root 'root:/') mounted
[2023.01.08-16.12.02:264][  0]LogShaderLibrary: Display: ShaderCodeLibraryPakFileMountedCallback: pending pak file info (ChunkID:-1 Root:root:/ File:C:/Unreal/Engine/UE_4.27/FeaturePacks/TP_Flying.upack)
[2023.01.08-16.12.02:264][  0]LogPakFile: OnPakFileMounted2Time == 0.000130
[2023.01.08-16.12.02:268][  0]LogPakFile: PakFile PrimaryIndexSize=184
[2023.01.08-16.12.02:268][  0]LogPakFile: PakFile PathHashIndexSize=101
[2023.01.08-16.12.02:268][  0]LogPakFile: PakFile FullDirectoryIndexSize=142
[2023.01.08-16.12.02:269][  0]LogShaderLibrary: Display: ShaderCodeLibraryPakFileMountedCallback: PakFile 'C:/Unreal/Engine/UE_4.27/FeaturePacks/TP_FlyingBP.upack' (chunk index -1, root 'root:/') mounted
[2023.01.08-16.12.02:269][  0]LogShaderLibrary: Display: ShaderCodeLibraryPakFileMountedCallback: pending pak file info (ChunkID:-1 Root:root:/ File:C:/Unreal/Engine/UE_4.27/FeaturePacks/TP_FlyingBP.upack)
[2023.01.08-16.12.02:269][  0]LogPakFile: OnPakFileMounted2Time == 0.000166
[2023.01.08-16.12.02:272][  0]LogPakFile: PakFile PrimaryIndexSize=188
[2023.01.08-16.12.02:273][  0]LogPakFile: PakFile PathHashIndexSize=101
[2023.01.08-16.12.02:273][  0]LogPakFile: PakFile FullDirectoryIndexSize=150
[2023.01.08-16.12.02:273][  0]LogShaderLibrary: Display: ShaderCodeLibraryPakFileMountedCallback: PakFile 'C:/Unreal/Engine/UE_4.27/FeaturePacks/TP_HandheldARBP.upack' (chunk index -1, root 'root:/') mounted
[2023.01.08-16.12.02:273][  0]LogShaderLibrary: Display: ShaderCodeLibraryPakFileMountedCallback: pending pak file info (ChunkID:-1 Root:root:/ File:C:/Unreal/Engine/UE_4.27/FeaturePacks/TP_HandheldARBP.upack)
[2023.01.08-16.12.02:273][  0]LogPakFile: OnPakFileMounted2Time == 0.000160
[2023.01.08-16.12.02:277][  0]LogPakFile: PakFile PrimaryIndexSize=182
[2023.01.08-16.12.02:277][  0]LogPakFile: PakFile PathHashIndexSize=101
[2023.01.08-16.12.02:277][  0]LogPakFile: PakFile FullDirectoryIndexSize=138
[2023.01.08-16.12.02:277][  0]LogShaderLibrary: Display: ShaderCodeLibraryPakFileMountedCallback: PakFile 'C:/Unreal/Engine/UE_4.27/FeaturePacks/TP_Puzzle.upack' (chunk index -1, root 'root:/') mounted
[2023.01.08-16.12.02:277][  0]LogShaderLibrary: Display: ShaderCodeLibraryPakFileMountedCallback: pending pak file info (ChunkID:-1 Root:root:/ File:C:/Unreal/Engine/UE_4.27/FeaturePacks/TP_Puzzle.upack)
[2023.01.08-16.12.02:277][  0]LogPakFile: OnPakFileMounted2Time == 0.000165
[2023.01.08-16.12.02:281][  0]LogPakFile: PakFile PrimaryIndexSize=184
[2023.01.08-16.12.02:281][  0]LogPakFile: PakFile PathHashIndexSize=101
[2023.01.08-16.12.02:281][  0]LogPakFile: PakFile FullDirectoryIndexSize=142
[2023.01.08-16.12.02:281][  0]LogShaderLibrary: Display: ShaderCodeLibraryPakFileMountedCallback: PakFile 'C:/Unreal/Engine/UE_4.27/FeaturePacks/TP_PuzzleBP.upack' (chunk index -1, root 'root:/') mounted
[2023.01.08-16.12.02:281][  0]LogShaderLibrary: Display: ShaderCodeLibraryPakFileMountedCallback: pending pak file info (ChunkID:-1 Root:root:/ File:C:/Unreal/Engine/UE_4.27/FeaturePacks/TP_PuzzleBP.upack)
[2023.01.08-16.12.02:281][  0]LogPakFile: OnPakFileMounted2Time == 0.000131
[2023.01.08-16.12.02:285][  0]LogPakFile: PakFile PrimaryIndexSize=183
[2023.01.08-16.12.02:285][  0]LogPakFile: PakFile PathHashIndexSize=101
[2023.01.08-16.12.02:285][  0]LogPakFile: PakFile FullDirectoryIndexSize=140
[2023.01.08-16.12.02:285][  0]LogShaderLibrary: Display: ShaderCodeLibraryPakFileMountedCallback: PakFile 'C:/Unreal/Engine/UE_4.27/FeaturePacks/TP_Rolling.upack' (chunk index -1, root 'root:/') mounted
[2023.01.08-16.12.02:285][  0]LogShaderLibrary: Display: ShaderCodeLibraryPakFileMountedCallback: pending pak file info (ChunkID:-1 Root:root:/ File:C:/Unreal/Engine/UE_4.27/FeaturePacks/TP_Rolling.upack)
[2023.01.08-16.12.02:285][  0]LogPakFile: OnPakFileMounted2Time == 0.000160
[2023.01.08-16.12.02:289][  0]LogPakFile: PakFile PrimaryIndexSize=185
[2023.01.08-16.12.02:289][  0]LogPakFile: PakFile PathHashIndexSize=101
[2023.01.08-16.12.02:289][  0]LogPakFile: PakFile FullDirectoryIndexSize=144
[2023.01.08-16.12.02:289][  0]LogShaderLibrary: Display: ShaderCodeLibraryPakFileMountedCallback: PakFile 'C:/Unreal/Engine/UE_4.27/FeaturePacks/TP_RollingBP.upack' (chunk index -1, root 'root:/') mounted
[2023.01.08-16.12.02:289][  0]LogShaderLibrary: Display: ShaderCodeLibraryPakFileMountedCallback: pending pak file info (ChunkID:-1 Root:root:/ File:C:/Unreal/Engine/UE_4.27/FeaturePacks/TP_RollingBP.upack)
[2023.01.08-16.12.02:289][  0]LogPakFile: OnPakFileMounted2Time == 0.000159
[2023.01.08-16.12.02:293][  0]LogPakFile: PakFile PrimaryIndexSize=188
[2023.01.08-16.12.02:293][  0]LogPakFile: PakFile PathHashIndexSize=101
[2023.01.08-16.12.02:293][  0]LogPakFile: PakFile FullDirectoryIndexSize=150
[2023.01.08-16.12.02:293][  0]LogShaderLibrary: Display: ShaderCodeLibraryPakFileMountedCallback: PakFile 'C:/Unreal/Engine/UE_4.27/FeaturePacks/TP_SideScroller.upack' (chunk index -1, root 'root:/') mounted
[2023.01.08-16.12.02:293][  0]LogShaderLibrary: Display: ShaderCodeLibraryPakFileMountedCallback: pending pak file info (ChunkID:-1 Root:root:/ File:C:/Unreal/Engine/UE_4.27/FeaturePacks/TP_SideScroller.upack)
[2023.01.08-16.12.02:293][  0]LogPakFile: OnPakFileMounted2Time == 0.000159
[2023.01.08-16.12.02:297][  0]LogPakFile: PakFile PrimaryIndexSize=190
[2023.01.08-16.12.02:297][  0]LogPakFile: PakFile PathHashIndexSize=101
[2023.01.08-16.12.02:297][  0]LogPakFile: PakFile FullDirectoryIndexSize=154
[2023.01.08-16.12.02:297][  0]LogShaderLibrary: Display: ShaderCodeLibraryPakFileMountedCallback: PakFile 'C:/Unreal/Engine/UE_4.27/FeaturePacks/TP_SideScrollerBP.upack' (chunk index -1, root 'root:/') mounted
[2023.01.08-16.12.02:297][  0]LogShaderLibrary: Display: ShaderCodeLibraryPakFileMountedCallback: pending pak file info (ChunkID:-1 Root:root:/ File:C:/Unreal/Engine/UE_4.27/FeaturePacks/TP_SideScrollerBP.upack)
[2023.01.08-16.12.02:297][  0]LogPakFile: OnPakFileMounted2Time == 0.000155
[2023.01.08-16.12.02:301][  0]LogPakFile: PakFile PrimaryIndexSize=187
[2023.01.08-16.12.02:301][  0]LogPakFile: PakFile PathHashIndexSize=101
[2023.01.08-16.12.02:301][  0]LogPakFile: PakFile FullDirectoryIndexSize=148
[2023.01.08-16.12.02:301][  0]LogShaderLibrary: Display: ShaderCodeLibraryPakFileMountedCallback: PakFile 'C:/Unreal/Engine/UE_4.27/FeaturePacks/TP_ThirdPerson.upack' (chunk index -1, root 'root:/') mounted
[2023.01.08-16.12.02:301][  0]LogShaderLibrary: Display: ShaderCodeLibraryPakFileMountedCallback: pending pak file info (ChunkID:-1 Root:root:/ File:C:/Unreal/Engine/UE_4.27/FeaturePacks/TP_ThirdPerson.upack)
[2023.01.08-16.12.02:301][  0]LogPakFile: OnPakFileMounted2Time == 0.000149
[2023.01.08-16.12.02:305][  0]LogPakFile: PakFile PrimaryIndexSize=189
[2023.01.08-16.12.02:305][  0]LogPakFile: PakFile PathHashIndexSize=101
[2023.01.08-16.12.02:305][  0]LogPakFile: PakFile FullDirectoryIndexSize=152
[2023.01.08-16.12.02:305][  0]LogShaderLibrary: Display: ShaderCodeLibraryPakFileMountedCallback: PakFile 'C:/Unreal/Engine/UE_4.27/FeaturePacks/TP_ThirdPersonBP.upack' (chunk index -1, root 'root:/') mounted
[2023.01.08-16.12.02:305][  0]LogShaderLibrary: Display: ShaderCodeLibraryPakFileMountedCallback: pending pak file info (ChunkID:-1 Root:root:/ File:C:/Unreal/Engine/UE_4.27/FeaturePacks/TP_ThirdPersonBP.upack)
[2023.01.08-16.12.02:305][  0]LogPakFile: OnPakFileMounted2Time == 0.000132
[2023.01.08-16.12.02:310][  0]LogPakFile: PakFile PrimaryIndexSize=183
[2023.01.08-16.12.02:310][  0]LogPakFile: PakFile PathHashIndexSize=101
[2023.01.08-16.12.02:310][  0]LogPakFile: PakFile FullDirectoryIndexSize=140
[2023.01.08-16.12.02:310][  0]LogShaderLibrary: Display: ShaderCodeLibraryPakFileMountedCallback: PakFile 'C:/Unreal/Engine/UE_4.27/FeaturePacks/TP_TopDown.upack' (chunk index -1, root 'root:/') mounted
[2023.01.08-16.12.02:310][  0]LogShaderLibrary: Display: ShaderCodeLibraryPakFileMountedCallback: pending pak file info (ChunkID:-1 Root:root:/ File:C:/Unreal/Engine/UE_4.27/FeaturePacks/TP_TopDown.upack)
[2023.01.08-16.12.02:310][  0]LogPakFile: OnPakFileMounted2Time == 0.000147
[2023.01.08-16.12.02:314][  0]LogPakFile: PakFile PrimaryIndexSize=185
[2023.01.08-16.12.02:314][  0]LogPakFile: PakFile PathHashIndexSize=101
[2023.01.08-16.12.02:314][  0]LogPakFile: PakFile FullDirectoryIndexSize=144
[2023.01.08-16.12.02:314][  0]LogShaderLibrary: Display: ShaderCodeLibraryPakFileMountedCallback: PakFile 'C:/Unreal/Engine/UE_4.27/FeaturePacks/TP_TopDownBP.upack' (chunk index -1, root 'root:/') mounted
[2023.01.08-16.12.02:314][  0]LogShaderLibrary: Display: ShaderCodeLibraryPakFileMountedCallback: pending pak file info (ChunkID:-1 Root:root:/ File:C:/Unreal/Engine/UE_4.27/FeaturePacks/TP_TopDownBP.upack)
[2023.01.08-16.12.02:314][  0]LogPakFile: OnPakFileMounted2Time == 0.000131
[2023.01.08-16.12.02:320][  0]LogPakFile: PakFile PrimaryIndexSize=185
[2023.01.08-16.12.02:320][  0]LogPakFile: PakFile PathHashIndexSize=101
[2023.01.08-16.12.02:320][  0]LogPakFile: PakFile FullDirectoryIndexSize=144
[2023.01.08-16.12.02:320][  0]LogShaderLibrary: Display: ShaderCodeLibraryPakFileMountedCallback: PakFile 'C:/Unreal/Engine/UE_4.27/FeaturePacks/TP_TwinStick.upack' (chunk index -1, root 'root:/') mounted
[2023.01.08-16.12.02:320][  0]LogShaderLibrary: Display: ShaderCodeLibraryPakFileMountedCallback: pending pak file info (ChunkID:-1 Root:root:/ File:C:/Unreal/Engine/UE_4.27/FeaturePacks/TP_TwinStick.upack)
[2023.01.08-16.12.02:320][  0]LogPakFile: OnPakFileMounted2Time == 0.000139
[2023.01.08-16.12.02:324][  0]LogPakFile: PakFile PrimaryIndexSize=187
[2023.01.08-16.12.02:324][  0]LogPakFile: PakFile PathHashIndexSize=101
[2023.01.08-16.12.02:324][  0]LogPakFile: PakFile FullDirectoryIndexSize=148
[2023.01.08-16.12.02:324][  0]LogShaderLibrary: Display: ShaderCodeLibraryPakFileMountedCallback: PakFile 'C:/Unreal/Engine/UE_4.27/FeaturePacks/TP_TwinStickBP.upack' (chunk index -1, root 'root:/') mounted
[2023.01.08-16.12.02:324][  0]LogShaderLibrary: Display: ShaderCodeLibraryPakFileMountedCallback: pending pak file info (ChunkID:-1 Root:root:/ File:C:/Unreal/Engine/UE_4.27/FeaturePacks/TP_TwinStickBP.upack)
[2023.01.08-16.12.02:324][  0]LogPakFile: OnPakFileMounted2Time == 0.000141
[2023.01.08-16.12.02:328][  0]LogPakFile: PakFile PrimaryIndexSize=183
[2023.01.08-16.12.02:328][  0]LogPakFile: PakFile PathHashIndexSize=101
[2023.01.08-16.12.02:328][  0]LogPakFile: PakFile FullDirectoryIndexSize=140
[2023.01.08-16.12.02:328][  0]LogShaderLibrary: Display: ShaderCodeLibraryPakFileMountedCallback: PakFile 'C:/Unreal/Engine/UE_4.27/FeaturePacks/TP_Vehicle.upack' (chunk index -1, root 'root:/') mounted
[2023.01.08-16.12.02:328][  0]LogShaderLibrary: Display: ShaderCodeLibraryPakFileMountedCallback: pending pak file info (ChunkID:-1 Root:root:/ File:C:/Unreal/Engine/UE_4.27/FeaturePacks/TP_Vehicle.upack)
[2023.01.08-16.12.02:328][  0]LogPakFile: OnPakFileMounted2Time == 0.000154
[2023.01.08-16.12.02:333][  0]LogPakFile: PakFile PrimaryIndexSize=186
[2023.01.08-16.12.02:333][  0]LogPakFile: PakFile PathHashIndexSize=101
[2023.01.08-16.12.02:334][  0]LogPakFile: PakFile FullDirectoryIndexSize=146
[2023.01.08-16.12.02:334][  0]LogShaderLibrary: Display: ShaderCodeLibraryPakFileMountedCallback: PakFile 'C:/Unreal/Engine/UE_4.27/FeaturePacks/TP_VehicleAdv.upack' (chunk index -1, root 'root:/') mounted
[2023.01.08-16.12.02:334][  0]LogShaderLibrary: Display: ShaderCodeLibraryPakFileMountedCallback: pending pak file info (ChunkID:-1 Root:root:/ File:C:/Unreal/Engine/UE_4.27/FeaturePacks/TP_VehicleAdv.upack)
[2023.01.08-16.12.02:334][  0]LogPakFile: OnPakFileMounted2Time == 0.000169
[2023.01.08-16.12.02:339][  0]LogPakFile: PakFile PrimaryIndexSize=188
[2023.01.08-16.12.02:339][  0]LogPakFile: PakFile PathHashIndexSize=101
[2023.01.08-16.12.02:339][  0]LogPakFile: PakFile FullDirectoryIndexSize=150
[2023.01.08-16.12.02:339][  0]LogShaderLibrary: Display: ShaderCodeLibraryPakFileMountedCallback: PakFile 'C:/Unreal/Engine/UE_4.27/FeaturePacks/TP_VehicleAdvBP.upack' (chunk index -1, root 'root:/') mounted
[2023.01.08-16.12.02:339][  0]LogShaderLibrary: Display: ShaderCodeLibraryPakFileMountedCallback: pending pak file info (ChunkID:-1 Root:root:/ File:C:/Unreal/Engine/UE_4.27/FeaturePacks/TP_VehicleAdvBP.upack)
[2023.01.08-16.12.02:339][  0]LogPakFile: OnPakFileMounted2Time == 0.000167
[2023.01.08-16.12.02:343][  0]LogPakFile: PakFile PrimaryIndexSize=185
[2023.01.08-16.12.02:343][  0]LogPakFile: PakFile PathHashIndexSize=101
[2023.01.08-16.12.02:343][  0]LogPakFile: PakFile FullDirectoryIndexSize=144
[2023.01.08-16.12.02:344][  0]LogShaderLibrary: Display: ShaderCodeLibraryPakFileMountedCallback: PakFile 'C:/Unreal/Engine/UE_4.27/FeaturePacks/TP_VehicleBP.upack' (chunk index -1, root 'root:/') mounted
[2023.01.08-16.12.02:344][  0]LogShaderLibrary: Display: ShaderCodeLibraryPakFileMountedCallback: pending pak file info (ChunkID:-1 Root:root:/ File:C:/Unreal/Engine/UE_4.27/FeaturePacks/TP_VehicleBP.upack)
[2023.01.08-16.12.02:344][  0]LogPakFile: OnPakFileMounted2Time == 0.000151
[2023.01.08-16.12.02:347][  0]LogPakFile: PakFile PrimaryIndexSize=192
[2023.01.08-16.12.02:347][  0]LogPakFile: PakFile PathHashIndexSize=101
[2023.01.08-16.12.02:347][  0]LogPakFile: PakFile FullDirectoryIndexSize=158
[2023.01.08-16.12.02:347][  0]LogShaderLibrary: Display: ShaderCodeLibraryPakFileMountedCallback: PakFile 'C:/Unreal/Engine/UE_4.27/FeaturePacks/TP_VirtualRealityBP.upack' (chunk index -1, root 'root:/') mounted
[2023.01.08-16.12.02:347][  0]LogShaderLibrary: Display: ShaderCodeLibraryPakFileMountedCallback: pending pak file info (ChunkID:-1 Root:root:/ File:C:/Unreal/Engine/UE_4.27/FeaturePacks/TP_VirtualRealityBP.upack)
[2023.01.08-16.12.02:347][  0]LogPakFile: OnPakFileMounted2Time == 0.000148
[2023.01.08-16.12.02:506][  0]LogNativeClassHierarchy: Verbose: Native class hierarchy updated for 'AddContentDialog' in 0.0002 seconds. Added 0 classes and 0 folders.
[2023.01.08-16.12.02:510][  0]LogNativeClassHierarchy: Verbose: Native class hierarchy updated for 'SceneOutliner' in 0.0002 seconds. Added 2 classes and 0 folders.
[2023.01.08-16.12.02:548][  0]LogSlate: Took 0.001015 seconds to synchronously load lazily loaded font '../../../Engine/Content/Slate/Fonts/Roboto-Regular.ttf' (155K)
[2023.01.08-16.12.02:561][  0]LogSlate: Took 0.003499 seconds to synchronously load lazily loaded font '../../../Engine/Content/Editor/Slate/Fonts/NanumGothic.ttf' (4243K)
[2023.01.08-16.12.03:312][  0]LogSlate: Only BGRA pngs, bmps or icos are supported in by External Image Picker
[2023.01.08-16.12.03:374][  0]LogSlate: Took 0.000392 seconds to synchronously load lazily loaded font '../../../Engine/Content/Editor/Slate/Fonts/FontAwesome.ttf' (139K)
[2023.01.08-16.12.03:378][  0]LogSlate: Took 0.003749 seconds to synchronously load lazily loaded font '../../../Engine/Content/Editor/Slate/Fonts/NanumGothicBold.ttf' (4188K)
[2023.01.08-16.12.03:379][  0]LogSlate: Took 0.000374 seconds to synchronously load lazily loaded font '../../../Engine/Content/Slate/Fonts/Roboto-Bold.ttf' (160K)
[2023.01.08-16.12.03:507][  0]LogRenderer: Reallocating scene render targets to support 1208x568 Format 9 NumSamples 1 (Frame:1).
[2023.01.08-16.12.03:547][  0]LogSlate: Took 0.000365 seconds to synchronously load lazily loaded font '../../../Engine/Content/Slate/Fonts/Roboto-Light.ttf' (167K)
[2023.01.08-16.12.03:603][  0]LogNativeClassHierarchy: Verbose: Native class hierarchy updated for 'HierarchicalLODOutliner' in 0.0003 seconds. Added 0 classes and 0 folders.
[2023.01.08-16.12.03:604][  0]LogLoad: (Engine Initialization) Total time: 15.90 seconds
[2023.01.08-16.12.03:604][  0]LogLoad: (Engine Initialization) Total Blueprint compile time: 0.00 seconds
[2023.01.08-16.12.03:652][  0]LogAssetRegistry: Asset discovery search completed in 7.9979 seconds
[2023.01.08-16.12.03:658][  0]LogCollectionManager: Fixed up redirectors for 0 collections in 0.000002 seconds (updated 0 objects)
[2023.01.08-16.12.03:659][  0]LogContentStreaming: Texture pool size now 800 MB
